2023-10-05 12:12:40,287 INFO [http-nio-63110-exec-2][DirectJDKLog.java:173] - Initializing Spring DispatcherServlet 'dispatcherServlet'
2023-10-05 12:12:40,287 INFO [http-nio-63110-exec-2][DirectJDKLog.java:173] - Initializing Spring DispatcherServlet 'dispatcherServlet'
2023-10-05 12:12:40,317 INFO [http-nio-63110-exec-2][FrameworkServlet.java:525] - Initializing Servlet 'dispatcherServlet'
2023-10-05 12:12:40,317 INFO [http-nio-63110-exec-2][FrameworkServlet.java:525] - Initializing Servlet 'dispatcherServlet'
2023-10-05 12:12:40,334 INFO [http-nio-63110-exec-2][FrameworkServlet.java:547] - Completed initialization in 16 ms
2023-10-05 12:12:40,334 INFO [http-nio-63110-exec-2][FrameworkServlet.java:547] - Completed initialization in 16 ms
2023-10-05 12:12:40,501 DEBUG [http-nio-63110-exec-2][HikariConfig.java:1066] - HikariPool-1 - configuration:
2023-10-05 12:12:40,501 DEBUG [http-nio-63110-exec-2][HikariConfig.java:1066] - HikariPool-1 - configuration:
2023-10-05 12:12:40,504 DEBUG [http-nio-63110-exec-2][HikariConfig.java:1098] - allowPoolSuspension.............false
2023-10-05 12:12:40,504 DEBUG [http-nio-63110-exec-2][HikariConfig.java:1098] - allowPoolSuspension.............false
2023-10-05 12:12:40,504 DEBUG [http-nio-63110-exec-2][HikariConfig.java:1098] - autoCommit......................true
2023-10-05 12:12:40,504 DEBUG [http-nio-63110-exec-2][HikariConfig.java:1098] - autoCommit......................true
2023-10-05 12:12:40,505 DEBUG [http-nio-63110-exec-2][HikariConfig.java:1098] - catalog.........................none
2023-10-05 12:12:40,505 DEBUG [http-nio-63110-exec-2][HikariConfig.java:1098] - catalog.........................none
2023-10-05 12:12:40,505 DEBUG [http-nio-63110-exec-2][HikariConfig.java:1098] - connectionInitSql...............none
2023-10-05 12:12:40,505 DEBUG [http-nio-63110-exec-2][HikariConfig.java:1098] - connectionInitSql...............none
2023-10-05 12:12:40,505 DEBUG [http-nio-63110-exec-2][HikariConfig.java:1098] - connectionTestQuery.............none
2023-10-05 12:12:40,505 DEBUG [http-nio-63110-exec-2][HikariConfig.java:1098] - connectionTestQuery.............none
2023-10-05 12:12:40,505 DEBUG [http-nio-63110-exec-2][HikariConfig.java:1098] - connectionTimeout...............30000
2023-10-05 12:12:40,505 DEBUG [http-nio-63110-exec-2][HikariConfig.java:1098] - connectionTimeout...............30000
2023-10-05 12:12:40,506 DEBUG [http-nio-63110-exec-2][HikariConfig.java:1098] - dataSource......................none
2023-10-05 12:12:40,506 DEBUG [http-nio-63110-exec-2][HikariConfig.java:1098] - dataSource......................none
2023-10-05 12:12:40,506 DEBUG [http-nio-63110-exec-2][HikariConfig.java:1098] - dataSourceClassName.............none
2023-10-05 12:12:40,506 DEBUG [http-nio-63110-exec-2][HikariConfig.java:1098] - dataSourceClassName.............none
2023-10-05 12:12:40,507 DEBUG [http-nio-63110-exec-2][HikariConfig.java:1098] - dataSourceJNDI..................none
2023-10-05 12:12:40,507 DEBUG [http-nio-63110-exec-2][HikariConfig.java:1098] - dataSourceJNDI..................none
2023-10-05 12:12:40,508 DEBUG [http-nio-63110-exec-2][HikariConfig.java:1098] - dataSourceProperties............{password=<masked>}
2023-10-05 12:12:40,508 DEBUG [http-nio-63110-exec-2][HikariConfig.java:1098] - dataSourceProperties............{password=<masked>}
2023-10-05 12:12:40,509 DEBUG [http-nio-63110-exec-2][HikariConfig.java:1098] - driverClassName................."com.mysql.cj.jdbc.Driver"
2023-10-05 12:12:40,509 DEBUG [http-nio-63110-exec-2][HikariConfig.java:1098] - driverClassName................."com.mysql.cj.jdbc.Driver"
2023-10-05 12:12:40,509 DEBUG [http-nio-63110-exec-2][HikariConfig.java:1098] - exceptionOverrideClassName......none
2023-10-05 12:12:40,509 DEBUG [http-nio-63110-exec-2][HikariConfig.java:1098] - exceptionOverrideClassName......none
2023-10-05 12:12:40,509 DEBUG [http-nio-63110-exec-2][HikariConfig.java:1098] - healthCheckProperties...........{}
2023-10-05 12:12:40,509 DEBUG [http-nio-63110-exec-2][HikariConfig.java:1098] - healthCheckProperties...........{}
2023-10-05 12:12:40,510 DEBUG [http-nio-63110-exec-2][HikariConfig.java:1098] - healthCheckRegistry.............none
2023-10-05 12:12:40,510 DEBUG [http-nio-63110-exec-2][HikariConfig.java:1098] - healthCheckRegistry.............none
2023-10-05 12:12:40,510 DEBUG [http-nio-63110-exec-2][HikariConfig.java:1098] - idleTimeout.....................600000
2023-10-05 12:12:40,510 DEBUG [http-nio-63110-exec-2][HikariConfig.java:1098] - idleTimeout.....................600000
2023-10-05 12:12:40,511 DEBUG [http-nio-63110-exec-2][HikariConfig.java:1098] - initializationFailTimeout.......1
2023-10-05 12:12:40,511 DEBUG [http-nio-63110-exec-2][HikariConfig.java:1098] - initializationFailTimeout.......1
2023-10-05 12:12:40,511 DEBUG [http-nio-63110-exec-2][HikariConfig.java:1098] - isolateInternalQueries..........false
2023-10-05 12:12:40,511 DEBUG [http-nio-63110-exec-2][HikariConfig.java:1098] - isolateInternalQueries..........false
2023-10-05 12:12:40,512 DEBUG [http-nio-63110-exec-2][HikariConfig.java:1098] - jdbcUrl.........................jdbc:mysql://192.168.200.65:3306/system_dic?serverTimezone=UTC&userUnicode=true&useSSL=false&
2023-10-05 12:12:40,512 DEBUG [http-nio-63110-exec-2][HikariConfig.java:1098] - jdbcUrl.........................jdbc:mysql://192.168.200.65:3306/system_dic?serverTimezone=UTC&userUnicode=true&useSSL=false&
2023-10-05 12:12:40,512 DEBUG [http-nio-63110-exec-2][HikariConfig.java:1098] - leakDetectionThreshold..........0
2023-10-05 12:12:40,512 DEBUG [http-nio-63110-exec-2][HikariConfig.java:1098] - leakDetectionThreshold..........0
2023-10-05 12:12:40,512 DEBUG [http-nio-63110-exec-2][HikariConfig.java:1098] - maxLifetime.....................1800000
2023-10-05 12:12:40,512 DEBUG [http-nio-63110-exec-2][HikariConfig.java:1098] - maxLifetime.....................1800000
2023-10-05 12:12:40,512 DEBUG [http-nio-63110-exec-2][HikariConfig.java:1098] - maximumPoolSize.................10
2023-10-05 12:12:40,512 DEBUG [http-nio-63110-exec-2][HikariConfig.java:1098] - maximumPoolSize.................10
2023-10-05 12:12:40,513 DEBUG [http-nio-63110-exec-2][HikariConfig.java:1098] - metricRegistry..................none
2023-10-05 12:12:40,513 DEBUG [http-nio-63110-exec-2][HikariConfig.java:1098] - metricRegistry..................none
2023-10-05 12:12:40,513 DEBUG [http-nio-63110-exec-2][HikariConfig.java:1098] - metricsTrackerFactory...........none
2023-10-05 12:12:40,513 DEBUG [http-nio-63110-exec-2][HikariConfig.java:1098] - metricsTrackerFactory...........none
2023-10-05 12:12:40,513 DEBUG [http-nio-63110-exec-2][HikariConfig.java:1098] - minimumIdle.....................10
2023-10-05 12:12:40,513 DEBUG [http-nio-63110-exec-2][HikariConfig.java:1098] - minimumIdle.....................10
2023-10-05 12:12:40,513 DEBUG [http-nio-63110-exec-2][HikariConfig.java:1098] - password........................<masked>
2023-10-05 12:12:40,513 DEBUG [http-nio-63110-exec-2][HikariConfig.java:1098] - password........................<masked>
2023-10-05 12:12:40,514 DEBUG [http-nio-63110-exec-2][HikariConfig.java:1098] - poolName........................"HikariPool-1"
2023-10-05 12:12:40,514 DEBUG [http-nio-63110-exec-2][HikariConfig.java:1098] - poolName........................"HikariPool-1"
2023-10-05 12:12:40,514 DEBUG [http-nio-63110-exec-2][HikariConfig.java:1098] - readOnly........................false
2023-10-05 12:12:40,514 DEBUG [http-nio-63110-exec-2][HikariConfig.java:1098] - readOnly........................false
2023-10-05 12:12:40,515 DEBUG [http-nio-63110-exec-2][HikariConfig.java:1098] - registerMbeans..................false
2023-10-05 12:12:40,515 DEBUG [http-nio-63110-exec-2][HikariConfig.java:1098] - registerMbeans..................false
2023-10-05 12:12:40,515 DEBUG [http-nio-63110-exec-2][HikariConfig.java:1098] - scheduledExecutor...............none
2023-10-05 12:12:40,515 DEBUG [http-nio-63110-exec-2][HikariConfig.java:1098] - scheduledExecutor...............none
2023-10-05 12:12:40,516 DEBUG [http-nio-63110-exec-2][HikariConfig.java:1098] - schema..........................none
2023-10-05 12:12:40,516 DEBUG [http-nio-63110-exec-2][HikariConfig.java:1098] - schema..........................none
2023-10-05 12:12:40,516 DEBUG [http-nio-63110-exec-2][HikariConfig.java:1098] - threadFactory...................internal
2023-10-05 12:12:40,516 DEBUG [http-nio-63110-exec-2][HikariConfig.java:1098] - threadFactory...................internal
2023-10-05 12:12:40,517 DEBUG [http-nio-63110-exec-2][HikariConfig.java:1098] - transactionIsolation............default
2023-10-05 12:12:40,517 DEBUG [http-nio-63110-exec-2][HikariConfig.java:1098] - transactionIsolation............default
2023-10-05 12:12:40,517 DEBUG [http-nio-63110-exec-2][HikariConfig.java:1098] - username........................"root"
2023-10-05 12:12:40,517 DEBUG [http-nio-63110-exec-2][HikariConfig.java:1098] - username........................"root"
2023-10-05 12:12:40,518 DEBUG [http-nio-63110-exec-2][HikariConfig.java:1098] - validationTimeout...............5000
2023-10-05 12:12:40,518 DEBUG [http-nio-63110-exec-2][HikariConfig.java:1098] - validationTimeout...............5000
2023-10-05 12:12:40,518 INFO [http-nio-63110-exec-2][HikariDataSource.java:110] - HikariPool-1 - Starting...
2023-10-05 12:12:40,518 INFO [http-nio-63110-exec-2][HikariDataSource.java:110] - HikariPool-1 - Starting...
2023-10-05 12:12:40,788 DEBUG [http-nio-63110-exec-2][HikariPool.java:564] - HikariPool-1 - Added connection com.mysql.cj.jdbc.ConnectionImpl@796fb62a
2023-10-05 12:12:40,788 DEBUG [http-nio-63110-exec-2][HikariPool.java:564] - HikariPool-1 - Added connection com.mysql.cj.jdbc.ConnectionImpl@796fb62a
2023-10-05 12:12:40,791 INFO [http-nio-63110-exec-2][HikariDataSource.java:123] - HikariPool-1 - Start completed.
2023-10-05 12:12:40,791 INFO [http-nio-63110-exec-2][HikariDataSource.java:123] - HikariPool-1 - Start completed.
2023-10-05 12:12:40,801 DEBUG [http-nio-63110-exec-2][BaseJdbcLogger.java:137] - ==>  Preparing: SELECT id,name,code,item_values FROM dictionary
2023-10-05 12:12:40,801 DEBUG [http-nio-63110-exec-2][BaseJdbcLogger.java:137] - ==>  Preparing: SELECT id,name,code,item_values FROM dictionary
2023-10-05 12:12:40,830 DEBUG [http-nio-63110-exec-2][BaseJdbcLogger.java:137] - ==> Parameters: 
2023-10-05 12:12:40,830 DEBUG [http-nio-63110-exec-2][BaseJdbcLogger.java:137] - ==> Parameters: 
2023-10-05 12:12:40,874 DEBUG [http-nio-63110-exec-2][BaseJdbcLogger.java:137] - <==      Total: 17
2023-10-05 12:12:40,874 DEBUG [http-nio-63110-exec-2][BaseJdbcLogger.java:137] - <==      Total: 17
2023-10-05 12:12:40,894 DEBUG [HikariPool-1 housekeeper][HikariPool.java:421] - HikariPool-1 - Pool stats (total=1, active=0, idle=1, waiting=0)
2023-10-05 12:12:40,894 DEBUG [HikariPool-1 housekeeper][HikariPool.java:421] - HikariPool-1 - Pool stats (total=1, active=0, idle=1, waiting=0)
2023-10-05 12:12:40,907 DEBUG [HikariPool-1 connection adder][HikariPool.java:728] - HikariPool-1 - Added connection com.mysql.cj.jdbc.ConnectionImpl@537fe667
2023-10-05 12:12:40,907 DEBUG [HikariPool-1 connection adder][HikariPool.java:728] - HikariPool-1 - Added connection com.mysql.cj.jdbc.ConnectionImpl@537fe667
2023-10-05 12:12:40,921 DEBUG [HikariPool-1 connection adder][HikariPool.java:728] - HikariPool-1 - Added connection com.mysql.cj.jdbc.ConnectionImpl@1242ec5c
2023-10-05 12:12:40,921 DEBUG [HikariPool-1 connection adder][HikariPool.java:728] - HikariPool-1 - Added connection com.mysql.cj.jdbc.ConnectionImpl@1242ec5c
2023-10-05 12:12:40,934 DEBUG [HikariPool-1 connection adder][HikariPool.java:728] - HikariPool-1 - Added connection com.mysql.cj.jdbc.ConnectionImpl@239a5be1
2023-10-05 12:12:40,934 DEBUG [HikariPool-1 connection adder][HikariPool.java:728] - HikariPool-1 - Added connection com.mysql.cj.jdbc.ConnectionImpl@239a5be1
2023-10-05 12:12:40,949 DEBUG [HikariPool-1 connection adder][HikariPool.java:728] - HikariPool-1 - Added connection com.mysql.cj.jdbc.ConnectionImpl@726d1313
2023-10-05 12:12:40,949 DEBUG [HikariPool-1 connection adder][HikariPool.java:728] - HikariPool-1 - Added connection com.mysql.cj.jdbc.ConnectionImpl@726d1313
2023-10-05 12:12:40,962 DEBUG [HikariPool-1 connection adder][HikariPool.java:728] - HikariPool-1 - Added connection com.mysql.cj.jdbc.ConnectionImpl@5abf51da
2023-10-05 12:12:40,962 DEBUG [HikariPool-1 connection adder][HikariPool.java:728] - HikariPool-1 - Added connection com.mysql.cj.jdbc.ConnectionImpl@5abf51da
2023-10-05 12:12:40,974 DEBUG [HikariPool-1 connection adder][HikariPool.java:728] - HikariPool-1 - Added connection com.mysql.cj.jdbc.ConnectionImpl@76230dc7
2023-10-05 12:12:40,974 DEBUG [HikariPool-1 connection adder][HikariPool.java:728] - HikariPool-1 - Added connection com.mysql.cj.jdbc.ConnectionImpl@76230dc7
2023-10-05 12:12:40,990 DEBUG [HikariPool-1 connection adder][HikariPool.java:728] - HikariPool-1 - Added connection com.mysql.cj.jdbc.ConnectionImpl@28edd2c1
2023-10-05 12:12:40,990 DEBUG [HikariPool-1 connection adder][HikariPool.java:728] - HikariPool-1 - Added connection com.mysql.cj.jdbc.ConnectionImpl@28edd2c1
2023-10-05 12:12:41,004 DEBUG [HikariPool-1 connection adder][HikariPool.java:728] - HikariPool-1 - Added connection com.mysql.cj.jdbc.ConnectionImpl@ddc7ce5
2023-10-05 12:12:41,004 DEBUG [HikariPool-1 connection adder][HikariPool.java:728] - HikariPool-1 - Added connection com.mysql.cj.jdbc.ConnectionImpl@ddc7ce5
2023-10-05 12:12:41,019 DEBUG [HikariPool-1 connection adder][HikariPool.java:728] - HikariPool-1 - Added connection com.mysql.cj.jdbc.ConnectionImpl@2d4a2ebb
2023-10-05 12:12:41,019 DEBUG [HikariPool-1 connection adder][HikariPool.java:728] - HikariPool-1 - Added connection com.mysql.cj.jdbc.ConnectionImpl@2d4a2ebb
2023-10-05 12:12:41,020 DEBUG [HikariPool-1 connection adder][HikariPool.java:421] - HikariPool-1 - After adding stats (total=10, active=0, idle=10, waiting=0)
2023-10-05 12:12:41,020 DEBUG [HikariPool-1 connection adder][HikariPool.java:421] - HikariPool-1 - After adding stats (total=10, active=0, idle=10, waiting=0)
