2023-10-03 11:00:17,952 DEBUG [HikariPool-1 housekeeper][HikariPool.java:421] - HikariPool-1 - Pool stats (total=10, active=0, idle=10, waiting=0)
2023-10-03 11:00:17,952 DEBUG [HikariPool-1 housekeeper][HikariPool.java:421] - HikariPool-1 - Pool stats (total=10, active=0, idle=10, waiting=0)
2023-10-03 11:00:17,967 DEBUG [HikariPool-1 housekeeper][HikariPool.java:517] - HikariPool-1 - Fill pool skipped, pool is at sufficient level.
2023-10-03 11:00:17,967 DEBUG [HikariPool-1 housekeeper][HikariPool.java:517] - HikariPool-1 - Fill pool skipped, pool is at sufficient level.
2023-10-03 11:00:47,970 DEBUG [HikariPool-1 housekeeper][HikariPool.java:421] - HikariPool-1 - Pool stats (total=10, active=0, idle=10, waiting=0)
2023-10-03 11:00:47,970 DEBUG [HikariPool-1 housekeeper][HikariPool.java:421] - HikariPool-1 - Pool stats (total=10, active=0, idle=10, waiting=0)
2023-10-03 11:00:47,970 DEBUG [HikariPool-1 housekeeper][HikariPool.java:517] - HikariPool-1 - Fill pool skipped, pool is at sufficient level.
2023-10-03 11:00:47,970 DEBUG [HikariPool-1 housekeeper][HikariPool.java:517] - HikariPool-1 - Fill pool skipped, pool is at sufficient level.
2023-10-03 11:01:17,972 DEBUG [HikariPool-1 housekeeper][HikariPool.java:421] - HikariPool-1 - Pool stats (total=10, active=0, idle=10, waiting=0)
2023-10-03 11:01:17,972 DEBUG [HikariPool-1 housekeeper][HikariPool.java:421] - HikariPool-1 - Pool stats (total=10, active=0, idle=10, waiting=0)
2023-10-03 11:01:17,972 DEBUG [HikariPool-1 housekeeper][HikariPool.java:517] - HikariPool-1 - Fill pool skipped, pool is at sufficient level.
2023-10-03 11:01:17,972 DEBUG [HikariPool-1 housekeeper][HikariPool.java:517] - HikariPool-1 - Fill pool skipped, pool is at sufficient level.
2023-10-03 11:01:47,973 DEBUG [HikariPool-1 housekeeper][HikariPool.java:421] - HikariPool-1 - Pool stats (total=10, active=0, idle=10, waiting=0)
2023-10-03 11:01:47,973 DEBUG [HikariPool-1 housekeeper][HikariPool.java:421] - HikariPool-1 - Pool stats (total=10, active=0, idle=10, waiting=0)
2023-10-03 11:01:47,973 DEBUG [HikariPool-1 housekeeper][HikariPool.java:517] - HikariPool-1 - Fill pool skipped, pool is at sufficient level.
2023-10-03 11:01:47,973 DEBUG [HikariPool-1 housekeeper][HikariPool.java:517] - HikariPool-1 - Fill pool skipped, pool is at sufficient level.
2023-10-03 11:02:17,975 DEBUG [HikariPool-1 housekeeper][HikariPool.java:421] - HikariPool-1 - Pool stats (total=10, active=0, idle=10, waiting=0)
2023-10-03 11:02:17,975 DEBUG [HikariPool-1 housekeeper][HikariPool.java:421] - HikariPool-1 - Pool stats (total=10, active=0, idle=10, waiting=0)
2023-10-03 11:02:17,975 DEBUG [HikariPool-1 housekeeper][HikariPool.java:517] - HikariPool-1 - Fill pool skipped, pool is at sufficient level.
2023-10-03 11:02:17,975 DEBUG [HikariPool-1 housekeeper][HikariPool.java:517] - HikariPool-1 - Fill pool skipped, pool is at sufficient level.
2023-10-03 11:02:47,977 DEBUG [HikariPool-1 housekeeper][HikariPool.java:421] - HikariPool-1 - Pool stats (total=10, active=0, idle=10, waiting=0)
2023-10-03 11:02:47,977 DEBUG [HikariPool-1 housekeeper][HikariPool.java:421] - HikariPool-1 - Pool stats (total=10, active=0, idle=10, waiting=0)
2023-10-03 11:02:47,977 DEBUG [HikariPool-1 housekeeper][HikariPool.java:517] - HikariPool-1 - Fill pool skipped, pool is at sufficient level.
2023-10-03 11:02:47,977 DEBUG [HikariPool-1 housekeeper][HikariPool.java:517] - HikariPool-1 - Fill pool skipped, pool is at sufficient level.
2023-10-03 11:03:17,978 DEBUG [HikariPool-1 housekeeper][HikariPool.java:421] - HikariPool-1 - Pool stats (total=10, active=0, idle=10, waiting=0)
2023-10-03 11:03:17,978 DEBUG [HikariPool-1 housekeeper][HikariPool.java:421] - HikariPool-1 - Pool stats (total=10, active=0, idle=10, waiting=0)
2023-10-03 11:03:17,978 DEBUG [HikariPool-1 housekeeper][HikariPool.java:517] - HikariPool-1 - Fill pool skipped, pool is at sufficient level.
2023-10-03 11:03:17,978 DEBUG [HikariPool-1 housekeeper][HikariPool.java:517] - HikariPool-1 - Fill pool skipped, pool is at sufficient level.
2023-10-03 11:03:47,980 DEBUG [HikariPool-1 housekeeper][HikariPool.java:421] - HikariPool-1 - Pool stats (total=10, active=0, idle=10, waiting=0)
2023-10-03 11:03:47,980 DEBUG [HikariPool-1 housekeeper][HikariPool.java:421] - HikariPool-1 - Pool stats (total=10, active=0, idle=10, waiting=0)
2023-10-03 11:03:47,986 DEBUG [HikariPool-1 housekeeper][HikariPool.java:517] - HikariPool-1 - Fill pool skipped, pool is at sufficient level.
2023-10-03 11:03:47,986 DEBUG [HikariPool-1 housekeeper][HikariPool.java:517] - HikariPool-1 - Fill pool skipped, pool is at sufficient level.
2023-10-03 11:04:17,988 DEBUG [HikariPool-1 housekeeper][HikariPool.java:421] - HikariPool-1 - Pool stats (total=10, active=0, idle=10, waiting=0)
2023-10-03 11:04:17,988 DEBUG [HikariPool-1 housekeeper][HikariPool.java:421] - HikariPool-1 - Pool stats (total=10, active=0, idle=10, waiting=0)
2023-10-03 11:04:17,988 DEBUG [HikariPool-1 housekeeper][HikariPool.java:517] - HikariPool-1 - Fill pool skipped, pool is at sufficient level.
2023-10-03 11:04:17,988 DEBUG [HikariPool-1 housekeeper][HikariPool.java:517] - HikariPool-1 - Fill pool skipped, pool is at sufficient level.
2023-10-03 11:04:47,991 DEBUG [HikariPool-1 housekeeper][HikariPool.java:421] - HikariPool-1 - Pool stats (total=10, active=0, idle=10, waiting=0)
2023-10-03 11:04:47,991 DEBUG [HikariPool-1 housekeeper][HikariPool.java:421] - HikariPool-1 - Pool stats (total=10, active=0, idle=10, waiting=0)
2023-10-03 11:04:47,991 DEBUG [HikariPool-1 housekeeper][HikariPool.java:517] - HikariPool-1 - Fill pool skipped, pool is at sufficient level.
2023-10-03 11:04:47,991 DEBUG [HikariPool-1 housekeeper][HikariPool.java:517] - HikariPool-1 - Fill pool skipped, pool is at sufficient level.
2023-10-03 11:05:17,992 DEBUG [HikariPool-1 housekeeper][HikariPool.java:421] - HikariPool-1 - Pool stats (total=10, active=0, idle=10, waiting=0)
2023-10-03 11:05:17,992 DEBUG [HikariPool-1 housekeeper][HikariPool.java:421] - HikariPool-1 - Pool stats (total=10, active=0, idle=10, waiting=0)
2023-10-03 11:05:17,992 DEBUG [HikariPool-1 housekeeper][HikariPool.java:517] - HikariPool-1 - Fill pool skipped, pool is at sufficient level.
2023-10-03 11:05:17,992 DEBUG [HikariPool-1 housekeeper][HikariPool.java:517] - HikariPool-1 - Fill pool skipped, pool is at sufficient level.
2023-10-03 11:05:47,994 DEBUG [HikariPool-1 housekeeper][HikariPool.java:421] - HikariPool-1 - Pool stats (total=10, active=0, idle=10, waiting=0)
2023-10-03 11:05:47,994 DEBUG [HikariPool-1 housekeeper][HikariPool.java:421] - HikariPool-1 - Pool stats (total=10, active=0, idle=10, waiting=0)
2023-10-03 11:05:47,994 DEBUG [HikariPool-1 housekeeper][HikariPool.java:517] - HikariPool-1 - Fill pool skipped, pool is at sufficient level.
2023-10-03 11:05:47,994 DEBUG [HikariPool-1 housekeeper][HikariPool.java:517] - HikariPool-1 - Fill pool skipped, pool is at sufficient level.
2023-10-03 11:05:49,125 INFO [SpringContextShutdownHook][ExecutorConfigurationSupport.java:218] - Shutting down ExecutorService 'taskScheduler'
2023-10-03 11:05:49,125 INFO [SpringContextShutdownHook][ExecutorConfigurationSupport.java:218] - Shutting down ExecutorService 'taskScheduler'
2023-10-03 11:05:49,128 INFO [SpringContextShutdownHook][ExecutorConfigurationSupport.java:218] - Shutting down ExecutorService 'applicationTaskExecutor'
2023-10-03 11:05:49,128 INFO [SpringContextShutdownHook][ExecutorConfigurationSupport.java:218] - Shutting down ExecutorService 'applicationTaskExecutor'
2023-10-03 11:05:49,132 INFO [SpringContextShutdownHook][HikariDataSource.java:350] - HikariPool-1 - Shutdown initiated...
2023-10-03 11:05:49,132 INFO [SpringContextShutdownHook][HikariDataSource.java:350] - HikariPool-1 - Shutdown initiated...
2023-10-03 11:05:49,132 DEBUG [SpringContextShutdownHook][HikariPool.java:421] - HikariPool-1 - Before shutdown stats (total=10, active=0, idle=10, waiting=0)
2023-10-03 11:05:49,132 DEBUG [SpringContextShutdownHook][HikariPool.java:421] - HikariPool-1 - Before shutdown stats (total=10, active=0, idle=10, waiting=0)
2023-10-03 11:05:49,135 DEBUG [HikariPool-1 connection closer][PoolBase.java:134] - HikariPool-1 - Closing connection com.mysql.cj.jdbc.ConnectionImpl@eeb4ba3: (connection evicted)
2023-10-03 11:05:49,135 DEBUG [HikariPool-1 connection closer][PoolBase.java:134] - HikariPool-1 - Closing connection com.mysql.cj.jdbc.ConnectionImpl@eeb4ba3: (connection evicted)
2023-10-03 11:05:49,140 DEBUG [HikariPool-1 connection closer][PoolBase.java:134] - HikariPool-1 - Closing connection com.mysql.cj.jdbc.ConnectionImpl@15c14881: (connection evicted)
2023-10-03 11:05:49,140 DEBUG [HikariPool-1 connection closer][PoolBase.java:134] - HikariPool-1 - Closing connection com.mysql.cj.jdbc.ConnectionImpl@15c14881: (connection evicted)
2023-10-03 11:05:49,141 DEBUG [HikariPool-1 connection closer][PoolBase.java:134] - HikariPool-1 - Closing connection com.mysql.cj.jdbc.ConnectionImpl@61d93051: (connection evicted)
2023-10-03 11:05:49,141 DEBUG [HikariPool-1 connection closer][PoolBase.java:134] - HikariPool-1 - Closing connection com.mysql.cj.jdbc.ConnectionImpl@61d93051: (connection evicted)
2023-10-03 11:05:49,144 DEBUG [HikariPool-1 connection closer][PoolBase.java:134] - HikariPool-1 - Closing connection com.mysql.cj.jdbc.ConnectionImpl@2cdb3dab: (connection evicted)
2023-10-03 11:05:49,144 DEBUG [HikariPool-1 connection closer][PoolBase.java:134] - HikariPool-1 - Closing connection com.mysql.cj.jdbc.ConnectionImpl@2cdb3dab: (connection evicted)
2023-10-03 11:05:49,145 DEBUG [HikariPool-1 connection closer][PoolBase.java:134] - HikariPool-1 - Closing connection com.mysql.cj.jdbc.ConnectionImpl@34a2e747: (connection evicted)
2023-10-03 11:05:49,145 DEBUG [HikariPool-1 connection closer][PoolBase.java:134] - HikariPool-1 - Closing connection com.mysql.cj.jdbc.ConnectionImpl@34a2e747: (connection evicted)
2023-10-03 11:05:49,148 DEBUG [HikariPool-1 connection closer][PoolBase.java:134] - HikariPool-1 - Closing connection com.mysql.cj.jdbc.ConnectionImpl@5dee6e13: (connection evicted)
2023-10-03 11:05:49,148 DEBUG [HikariPool-1 connection closer][PoolBase.java:134] - HikariPool-1 - Closing connection com.mysql.cj.jdbc.ConnectionImpl@5dee6e13: (connection evicted)
2023-10-03 11:05:49,150 DEBUG [HikariPool-1 connection closer][PoolBase.java:134] - HikariPool-1 - Closing connection com.mysql.cj.jdbc.ConnectionImpl@1f6fad1a: (connection evicted)
2023-10-03 11:05:49,150 DEBUG [HikariPool-1 connection closer][PoolBase.java:134] - HikariPool-1 - Closing connection com.mysql.cj.jdbc.ConnectionImpl@1f6fad1a: (connection evicted)
2023-10-03 11:05:49,152 DEBUG [HikariPool-1 connection closer][PoolBase.java:134] - HikariPool-1 - Closing connection com.mysql.cj.jdbc.ConnectionImpl@3d2256ce: (connection evicted)
2023-10-03 11:05:49,152 DEBUG [HikariPool-1 connection closer][PoolBase.java:134] - HikariPool-1 - Closing connection com.mysql.cj.jdbc.ConnectionImpl@3d2256ce: (connection evicted)
2023-10-03 11:05:49,156 DEBUG [HikariPool-1 connection closer][PoolBase.java:134] - HikariPool-1 - Closing connection com.mysql.cj.jdbc.ConnectionImpl@72b3d442: (connection evicted)
2023-10-03 11:05:49,156 DEBUG [HikariPool-1 connection closer][PoolBase.java:134] - HikariPool-1 - Closing connection com.mysql.cj.jdbc.ConnectionImpl@72b3d442: (connection evicted)
2023-10-03 11:05:49,157 DEBUG [HikariPool-1 connection closer][PoolBase.java:134] - HikariPool-1 - Closing connection com.mysql.cj.jdbc.ConnectionImpl@64d563e4: (connection evicted)
2023-10-03 11:05:49,157 DEBUG [HikariPool-1 connection closer][PoolBase.java:134] - HikariPool-1 - Closing connection com.mysql.cj.jdbc.ConnectionImpl@64d563e4: (connection evicted)
2023-10-03 11:05:49,161 DEBUG [SpringContextShutdownHook][HikariPool.java:421] - HikariPool-1 - After shutdown stats (total=0, active=0, idle=0, waiting=0)
2023-10-03 11:05:49,161 DEBUG [SpringContextShutdownHook][HikariPool.java:421] - HikariPool-1 - After shutdown stats (total=0, active=0, idle=0, waiting=0)
2023-10-03 11:05:49,162 INFO [SpringContextShutdownHook][HikariDataSource.java:352] - HikariPool-1 - Shutdown completed.
2023-10-03 11:05:49,162 INFO [SpringContextShutdownHook][HikariDataSource.java:352] - HikariPool-1 - Shutdown completed.
2023-10-03 11:05:56,855 DEBUG [background-preinit][LoggerProviders.java:152] - Logging Provider: org.jboss.logging.Log4j2LoggerProvider
2023-10-03 11:05:56,855 DEBUG [background-preinit][LoggerProviders.java:152] - Logging Provider: org.jboss.logging.Log4j2LoggerProvider
2023-10-03 11:05:56,866 INFO [background-preinit][Version.java:21] - HV000001: Hibernate Validator 6.1.6.Final
2023-10-03 11:05:56,866 INFO [background-preinit][Version.java:21] - HV000001: Hibernate Validator 6.1.6.Final
2023-10-03 11:05:56,875 DEBUG [background-preinit][ValidationXmlParser.java:120] - Trying to load META-INF/validation.xml for XML based Validator configuration.
2023-10-03 11:05:56,875 DEBUG [background-preinit][ValidationXmlParser.java:120] - Trying to load META-INF/validation.xml for XML based Validator configuration.
2023-10-03 11:05:56,877 DEBUG [background-preinit][ResourceLoaderHelper.java:60] - Trying to load META-INF/validation.xml via TCCL
2023-10-03 11:05:56,877 DEBUG [background-preinit][ResourceLoaderHelper.java:60] - Trying to load META-INF/validation.xml via TCCL
2023-10-03 11:05:56,879 DEBUG [background-preinit][ResourceLoaderHelper.java:66] - Trying to load META-INF/validation.xml via Hibernate Validator's class loader
2023-10-03 11:05:56,879 DEBUG [background-preinit][ResourceLoaderHelper.java:66] - Trying to load META-INF/validation.xml via Hibernate Validator's class loader
2023-10-03 11:05:56,879 DEBUG [background-preinit][ValidationXmlParser.java:127] - No META-INF/validation.xml found. Using annotation based configuration only.
2023-10-03 11:05:56,879 DEBUG [background-preinit][ValidationXmlParser.java:127] - No META-INF/validation.xml found. Using annotation based configuration only.
2023-10-03 11:05:56,884 DEBUG [background-preinit][TraversableResolvers.java:60] - Cannot find javax.persistence.Persistence on classpath. Assuming non JPA 2 environment. All properties will per default be traversable.
2023-10-03 11:05:56,884 DEBUG [background-preinit][TraversableResolvers.java:60] - Cannot find javax.persistence.Persistence on classpath. Assuming non JPA 2 environment. All properties will per default be traversable.
2023-10-03 11:05:56,913 DEBUG [background-preinit][ResourceBundleMessageInterpolator.java:172] - Loaded expression factory via original TCCL
2023-10-03 11:05:56,913 DEBUG [background-preinit][ResourceBundleMessageInterpolator.java:172] - Loaded expression factory via original TCCL
2023-10-03 11:05:57,183 DEBUG [background-preinit][ValidatorFactoryConfigurationHelper.java:300] - HV000252: Using org.hibernate.validator.internal.engine.DefaultPropertyNodeNameProvider as property node name provider.
2023-10-03 11:05:57,183 DEBUG [background-preinit][ValidatorFactoryConfigurationHelper.java:300] - HV000252: Using org.hibernate.validator.internal.engine.DefaultPropertyNodeNameProvider as property node name provider.
2023-10-03 11:05:57,194 DEBUG [background-preinit][ValidatorFactoryConfigurationHelper.java:375] - HV000234: Using org.hibernate.validator.messageinterpolation.ResourceBundleMessageInterpolator as ValidatorFactory-scoped message interpolator.
2023-10-03 11:05:57,194 DEBUG [background-preinit][ValidatorFactoryConfigurationHelper.java:375] - HV000234: Using org.hibernate.validator.messageinterpolation.ResourceBundleMessageInterpolator as ValidatorFactory-scoped message interpolator.
2023-10-03 11:05:57,196 DEBUG [background-preinit][ValidatorFactoryConfigurationHelper.java:376] - HV000234: Using org.hibernate.validator.internal.engine.resolver.TraverseAllTraversableResolver as ValidatorFactory-scoped traversable resolver.
2023-10-03 11:05:57,196 DEBUG [background-preinit][ValidatorFactoryConfigurationHelper.java:376] - HV000234: Using org.hibernate.validator.internal.engine.resolver.TraverseAllTraversableResolver as ValidatorFactory-scoped traversable resolver.
2023-10-03 11:05:57,197 DEBUG [background-preinit][ValidatorFactoryConfigurationHelper.java:377] - HV000234: Using org.hibernate.validator.internal.util.ExecutableParameterNameProvider as ValidatorFactory-scoped parameter name provider.
2023-10-03 11:05:57,197 DEBUG [background-preinit][ValidatorFactoryConfigurationHelper.java:377] - HV000234: Using org.hibernate.validator.internal.util.ExecutableParameterNameProvider as ValidatorFactory-scoped parameter name provider.
2023-10-03 11:05:57,198 DEBUG [background-preinit][ValidatorFactoryConfigurationHelper.java:378] - HV000234: Using org.hibernate.validator.internal.engine.DefaultClockProvider as ValidatorFactory-scoped clock provider.
2023-10-03 11:05:57,198 DEBUG [background-preinit][ValidatorFactoryConfigurationHelper.java:378] - HV000234: Using org.hibernate.validator.internal.engine.DefaultClockProvider as ValidatorFactory-scoped clock provider.
2023-10-03 11:05:57,198 DEBUG [background-preinit][ValidatorFactoryConfigurationHelper.java:379] - HV000234: Using org.hibernate.validator.internal.engine.scripting.DefaultScriptEvaluatorFactory as ValidatorFactory-scoped script evaluator factory.
2023-10-03 11:05:57,198 DEBUG [background-preinit][ValidatorFactoryConfigurationHelper.java:379] - HV000234: Using org.hibernate.validator.internal.engine.scripting.DefaultScriptEvaluatorFactory as ValidatorFactory-scoped script evaluator factory.
2023-10-03 11:05:57,551 INFO [main][SpringApplication.java:651] - No active profile set, falling back to default profiles: default
2023-10-03 11:05:57,551 INFO [main][SpringApplication.java:651] - No active profile set, falling back to default profiles: default
2023-10-03 11:05:58,488 DEBUG [main][LogFactory.java:105] - Logging initialized using 'class org.apache.ibatis.logging.slf4j.Slf4jImpl' adapter.
2023-10-03 11:05:58,488 DEBUG [main][LogFactory.java:105] - Logging initialized using 'class org.apache.ibatis.logging.slf4j.Slf4jImpl' adapter.
2023-10-03 11:05:58,601 INFO [main][GenericScope.java:295] - BeanFactory id=e53766bd-c20d-3aa4-a74b-ba1d966310c4
2023-10-03 11:05:58,601 INFO [main][GenericScope.java:295] - BeanFactory id=e53766bd-c20d-3aa4-a74b-ba1d966310c4
2023-10-03 11:05:58,980 INFO [main][TomcatWebServer.java:108] - Tomcat initialized with port(s): 63110 (http)
2023-10-03 11:05:58,980 INFO [main][TomcatWebServer.java:108] - Tomcat initialized with port(s): 63110 (http)
2023-10-03 11:05:58,991 INFO [main][DirectJDKLog.java:173] - Initializing ProtocolHandler ["http-nio-63110"]
2023-10-03 11:05:58,991 INFO [main][DirectJDKLog.java:173] - Initializing ProtocolHandler ["http-nio-63110"]
2023-10-03 11:05:58,991 INFO [main][DirectJDKLog.java:173] - Starting service [Tomcat]
2023-10-03 11:05:58,991 INFO [main][DirectJDKLog.java:173] - Starting service [Tomcat]
2023-10-03 11:05:58,992 INFO [main][DirectJDKLog.java:173] - Starting Servlet engine: [Apache Tomcat/9.0.41]
2023-10-03 11:05:58,992 INFO [main][DirectJDKLog.java:173] - Starting Servlet engine: [Apache Tomcat/9.0.41]
2023-10-03 11:05:59,098 INFO [main][DirectJDKLog.java:173] - Initializing Spring embedded WebApplicationContext
2023-10-03 11:05:59,098 INFO [main][DirectJDKLog.java:173] - Initializing Spring embedded WebApplicationContext
2023-10-03 11:05:59,098 INFO [main][ServletWebServerApplicationContext.java:285] - Root WebApplicationContext: initialization completed in 1528 ms
2023-10-03 11:05:59,098 INFO [main][ServletWebServerApplicationContext.java:285] - Root WebApplicationContext: initialization completed in 1528 ms
2023-10-03 11:05:59,302 DEBUG [main][HikariConfig.java:946] - Driver class com.mysql.cj.jdbc.Driver found in Thread context class loader sun.misc.Launcher$AppClassLoader@18b4aac2
2023-10-03 11:05:59,302 DEBUG [main][HikariConfig.java:946] - Driver class com.mysql.cj.jdbc.Driver found in Thread context class loader sun.misc.Launcher$AppClassLoader@18b4aac2
2023-10-03 11:05:59,368 DEBUG [main][Logger.java:49] - Registered plugin: 'com.baomidou.mybatisplus.extension.plugins.MybatisPlusInterceptor@15b642b9'
2023-10-03 11:05:59,368 DEBUG [main][Logger.java:49] - Registered plugin: 'com.baomidou.mybatisplus.extension.plugins.MybatisPlusInterceptor@15b642b9'
2023-10-03 11:05:59,370 DEBUG [main][Logger.java:49] - Property 'mapperLocations' was not specified.
2023-10-03 11:05:59,370 DEBUG [main][Logger.java:49] - Property 'mapperLocations' was not specified.
2023-10-03 11:05:59,990 DEBUG [main][MybatisConfiguration.java:128] - addMappedStatement: com.yujian.system.mapper.DictionaryMapper.insert
2023-10-03 11:05:59,990 DEBUG [main][MybatisConfiguration.java:128] - addMappedStatement: com.yujian.system.mapper.DictionaryMapper.insert
2023-10-03 11:05:59,997 DEBUG [main][MybatisConfiguration.java:128] - addMappedStatement: com.yujian.system.mapper.DictionaryMapper.delete
2023-10-03 11:05:59,997 DEBUG [main][MybatisConfiguration.java:128] - addMappedStatement: com.yujian.system.mapper.DictionaryMapper.delete
2023-10-03 11:06:00,001 DEBUG [main][MybatisConfiguration.java:128] - addMappedStatement: com.yujian.system.mapper.DictionaryMapper.deleteByMap
2023-10-03 11:06:00,001 DEBUG [main][MybatisConfiguration.java:128] - addMappedStatement: com.yujian.system.mapper.DictionaryMapper.deleteByMap
2023-10-03 11:06:00,028 DEBUG [main][MybatisConfiguration.java:128] - addMappedStatement: com.yujian.system.mapper.DictionaryMapper.deleteById
2023-10-03 11:06:00,028 DEBUG [main][MybatisConfiguration.java:128] - addMappedStatement: com.yujian.system.mapper.DictionaryMapper.deleteById
2023-10-03 11:06:00,030 DEBUG [main][MybatisConfiguration.java:128] - addMappedStatement: com.yujian.system.mapper.DictionaryMapper.deleteBatchIds
2023-10-03 11:06:00,030 DEBUG [main][MybatisConfiguration.java:128] - addMappedStatement: com.yujian.system.mapper.DictionaryMapper.deleteBatchIds
2023-10-03 11:06:00,035 DEBUG [main][MybatisConfiguration.java:128] - addMappedStatement: com.yujian.system.mapper.DictionaryMapper.update
2023-10-03 11:06:00,035 DEBUG [main][MybatisConfiguration.java:128] - addMappedStatement: com.yujian.system.mapper.DictionaryMapper.update
2023-10-03 11:06:00,038 DEBUG [main][MybatisConfiguration.java:128] - addMappedStatement: com.yujian.system.mapper.DictionaryMapper.updateById
2023-10-03 11:06:00,038 DEBUG [main][MybatisConfiguration.java:128] - addMappedStatement: com.yujian.system.mapper.DictionaryMapper.updateById
2023-10-03 11:06:00,039 DEBUG [main][MybatisConfiguration.java:128] - addMappedStatement: com.yujian.system.mapper.DictionaryMapper.selectById
2023-10-03 11:06:00,039 DEBUG [main][MybatisConfiguration.java:128] - addMappedStatement: com.yujian.system.mapper.DictionaryMapper.selectById
2023-10-03 11:06:00,041 DEBUG [main][MybatisConfiguration.java:128] - addMappedStatement: com.yujian.system.mapper.DictionaryMapper.selectBatchIds
2023-10-03 11:06:00,041 DEBUG [main][MybatisConfiguration.java:128] - addMappedStatement: com.yujian.system.mapper.DictionaryMapper.selectBatchIds
2023-10-03 11:06:00,045 DEBUG [main][MybatisConfiguration.java:128] - addMappedStatement: com.yujian.system.mapper.DictionaryMapper.selectByMap
2023-10-03 11:06:00,045 DEBUG [main][MybatisConfiguration.java:128] - addMappedStatement: com.yujian.system.mapper.DictionaryMapper.selectByMap
2023-10-03 11:06:00,048 DEBUG [main][MybatisConfiguration.java:128] - addMappedStatement: com.yujian.system.mapper.DictionaryMapper.selectOne
2023-10-03 11:06:00,048 DEBUG [main][MybatisConfiguration.java:128] - addMappedStatement: com.yujian.system.mapper.DictionaryMapper.selectOne
2023-10-03 11:06:00,050 DEBUG [main][MybatisConfiguration.java:128] - addMappedStatement: com.yujian.system.mapper.DictionaryMapper.selectCount
2023-10-03 11:06:00,050 DEBUG [main][MybatisConfiguration.java:128] - addMappedStatement: com.yujian.system.mapper.DictionaryMapper.selectCount
2023-10-03 11:06:00,054 DEBUG [main][MybatisConfiguration.java:128] - addMappedStatement: com.yujian.system.mapper.DictionaryMapper.selectMaps
2023-10-03 11:06:00,054 DEBUG [main][MybatisConfiguration.java:128] - addMappedStatement: com.yujian.system.mapper.DictionaryMapper.selectMaps
2023-10-03 11:06:00,056 DEBUG [main][MybatisConfiguration.java:128] - addMappedStatement: com.yujian.system.mapper.DictionaryMapper.selectMapsPage
2023-10-03 11:06:00,056 DEBUG [main][MybatisConfiguration.java:128] - addMappedStatement: com.yujian.system.mapper.DictionaryMapper.selectMapsPage
2023-10-03 11:06:00,060 DEBUG [main][MybatisConfiguration.java:128] - addMappedStatement: com.yujian.system.mapper.DictionaryMapper.selectObjs
2023-10-03 11:06:00,060 DEBUG [main][MybatisConfiguration.java:128] - addMappedStatement: com.yujian.system.mapper.DictionaryMapper.selectObjs
2023-10-03 11:06:00,063 DEBUG [main][MybatisConfiguration.java:128] - addMappedStatement: com.yujian.system.mapper.DictionaryMapper.selectList
2023-10-03 11:06:00,063 DEBUG [main][MybatisConfiguration.java:128] - addMappedStatement: com.yujian.system.mapper.DictionaryMapper.selectList
2023-10-03 11:06:00,066 DEBUG [main][MybatisConfiguration.java:128] - addMappedStatement: com.yujian.system.mapper.DictionaryMapper.selectPage
2023-10-03 11:06:00,066 DEBUG [main][MybatisConfiguration.java:128] - addMappedStatement: com.yujian.system.mapper.DictionaryMapper.selectPage
2023-10-03 11:06:00,465 INFO [main][PropertySourcedRequestMappingHandlerMapping.java:69] - Mapped URL path [/v2/api-docs] onto method [springfox.documentation.swagger2.web.Swagger2Controller#getDocumentation(String, HttpServletRequest)]
2023-10-03 11:06:00,465 INFO [main][PropertySourcedRequestMappingHandlerMapping.java:69] - Mapped URL path [/v2/api-docs] onto method [springfox.documentation.swagger2.web.Swagger2Controller#getDocumentation(String, HttpServletRequest)]
2023-10-03 11:06:00,509 DEBUG [main][ResourceBundleMessageInterpolator.java:172] - Loaded expression factory via original TCCL
2023-10-03 11:06:00,509 DEBUG [main][ResourceBundleMessageInterpolator.java:172] - Loaded expression factory via original TCCL
2023-10-03 11:06:00,512 DEBUG [main][AbstractConfigurationImpl.java:171] - Setting custom MessageInterpolator of type org.springframework.validation.beanvalidation.LocaleContextMessageInterpolator
2023-10-03 11:06:00,512 DEBUG [main][AbstractConfigurationImpl.java:171] - Setting custom MessageInterpolator of type org.springframework.validation.beanvalidation.LocaleContextMessageInterpolator
2023-10-03 11:06:00,513 DEBUG [main][AbstractConfigurationImpl.java:203] - Setting custom ConstraintValidatorFactory of type org.springframework.validation.beanvalidation.SpringConstraintValidatorFactory
2023-10-03 11:06:00,513 DEBUG [main][AbstractConfigurationImpl.java:203] - Setting custom ConstraintValidatorFactory of type org.springframework.validation.beanvalidation.SpringConstraintValidatorFactory
2023-10-03 11:06:00,514 DEBUG [main][AbstractConfigurationImpl.java:217] - Setting custom ParameterNameProvider of type org.springframework.validation.beanvalidation.LocalValidatorFactoryBean$1
2023-10-03 11:06:00,514 DEBUG [main][AbstractConfigurationImpl.java:217] - Setting custom ParameterNameProvider of type org.springframework.validation.beanvalidation.LocalValidatorFactoryBean$1
2023-10-03 11:06:00,515 DEBUG [main][ValidationXmlParser.java:120] - Trying to load META-INF/validation.xml for XML based Validator configuration.
2023-10-03 11:06:00,515 DEBUG [main][ValidationXmlParser.java:120] - Trying to load META-INF/validation.xml for XML based Validator configuration.
2023-10-03 11:06:00,516 DEBUG [main][ResourceLoaderHelper.java:53] - Trying to load META-INF/validation.xml via user class loader
2023-10-03 11:06:00,516 DEBUG [main][ResourceLoaderHelper.java:53] - Trying to load META-INF/validation.xml via user class loader
2023-10-03 11:06:00,516 DEBUG [main][ResourceLoaderHelper.java:60] - Trying to load META-INF/validation.xml via TCCL
2023-10-03 11:06:00,516 DEBUG [main][ResourceLoaderHelper.java:60] - Trying to load META-INF/validation.xml via TCCL
2023-10-03 11:06:00,516 DEBUG [main][ResourceLoaderHelper.java:66] - Trying to load META-INF/validation.xml via Hibernate Validator's class loader
2023-10-03 11:06:00,516 DEBUG [main][ResourceLoaderHelper.java:66] - Trying to load META-INF/validation.xml via Hibernate Validator's class loader
2023-10-03 11:06:00,517 DEBUG [main][ValidationXmlParser.java:127] - No META-INF/validation.xml found. Using annotation based configuration only.
2023-10-03 11:06:00,517 DEBUG [main][ValidationXmlParser.java:127] - No META-INF/validation.xml found. Using annotation based configuration only.
2023-10-03 11:06:00,518 DEBUG [main][TraversableResolvers.java:60] - Cannot find javax.persistence.Persistence on classpath. Assuming non JPA 2 environment. All properties will per default be traversable.
2023-10-03 11:06:00,518 DEBUG [main][TraversableResolvers.java:60] - Cannot find javax.persistence.Persistence on classpath. Assuming non JPA 2 environment. All properties will per default be traversable.
2023-10-03 11:06:00,519 DEBUG [main][ValidatorFactoryConfigurationHelper.java:300] - HV000252: Using org.hibernate.validator.internal.engine.DefaultPropertyNodeNameProvider as property node name provider.
2023-10-03 11:06:00,519 DEBUG [main][ValidatorFactoryConfigurationHelper.java:300] - HV000252: Using org.hibernate.validator.internal.engine.DefaultPropertyNodeNameProvider as property node name provider.
2023-10-03 11:06:00,520 DEBUG [main][ValidatorFactoryConfigurationHelper.java:375] - HV000234: Using org.springframework.validation.beanvalidation.LocaleContextMessageInterpolator as ValidatorFactory-scoped message interpolator.
2023-10-03 11:06:00,520 DEBUG [main][ValidatorFactoryConfigurationHelper.java:375] - HV000234: Using org.springframework.validation.beanvalidation.LocaleContextMessageInterpolator as ValidatorFactory-scoped message interpolator.
2023-10-03 11:06:00,520 DEBUG [main][ValidatorFactoryConfigurationHelper.java:376] - HV000234: Using org.hibernate.validator.internal.engine.resolver.TraverseAllTraversableResolver as ValidatorFactory-scoped traversable resolver.
2023-10-03 11:06:00,520 DEBUG [main][ValidatorFactoryConfigurationHelper.java:377] - HV000234: Using org.hibernate.validator.internal.util.ExecutableParameterNameProvider as ValidatorFactory-scoped parameter name provider.
2023-10-03 11:06:00,520 DEBUG [main][ValidatorFactoryConfigurationHelper.java:376] - HV000234: Using org.hibernate.validator.internal.engine.resolver.TraverseAllTraversableResolver as ValidatorFactory-scoped traversable resolver.
2023-10-03 11:06:00,520 DEBUG [main][ValidatorFactoryConfigurationHelper.java:377] - HV000234: Using org.hibernate.validator.internal.util.ExecutableParameterNameProvider as ValidatorFactory-scoped parameter name provider.
2023-10-03 11:06:00,521 DEBUG [main][ValidatorFactoryConfigurationHelper.java:378] - HV000234: Using org.hibernate.validator.internal.engine.DefaultClockProvider as ValidatorFactory-scoped clock provider.
2023-10-03 11:06:00,521 DEBUG [main][ValidatorFactoryConfigurationHelper.java:378] - HV000234: Using org.hibernate.validator.internal.engine.DefaultClockProvider as ValidatorFactory-scoped clock provider.
2023-10-03 11:06:00,521 DEBUG [main][ValidatorFactoryConfigurationHelper.java:379] - HV000234: Using org.hibernate.validator.internal.engine.scripting.DefaultScriptEvaluatorFactory as ValidatorFactory-scoped script evaluator factory.
2023-10-03 11:06:00,521 DEBUG [main][ValidatorFactoryConfigurationHelper.java:379] - HV000234: Using org.hibernate.validator.internal.engine.scripting.DefaultScriptEvaluatorFactory as ValidatorFactory-scoped script evaluator factory.
2023-10-03 11:06:00,593 INFO [main][ExecutorConfigurationSupport.java:181] - Initializing ExecutorService 'applicationTaskExecutor'
2023-10-03 11:06:00,593 INFO [main][ExecutorConfigurationSupport.java:181] - Initializing ExecutorService 'applicationTaskExecutor'
2023-10-03 11:06:00,749 INFO [main][ExecutorConfigurationSupport.java:181] - Initializing ExecutorService 'taskScheduler'
2023-10-03 11:06:00,749 INFO [main][ExecutorConfigurationSupport.java:181] - Initializing ExecutorService 'taskScheduler'
2023-10-03 11:06:00,856 INFO [main][DirectJDKLog.java:173] - Starting ProtocolHandler ["http-nio-63110"]
2023-10-03 11:06:00,856 INFO [main][DirectJDKLog.java:173] - Starting ProtocolHandler ["http-nio-63110"]
2023-10-03 11:06:00,884 INFO [main][TomcatWebServer.java:220] - Tomcat started on port(s): 63110 (http) with context path '/system'
2023-10-03 11:06:00,884 INFO [main][TomcatWebServer.java:220] - Tomcat started on port(s): 63110 (http) with context path '/system'
2023-10-03 11:06:00,886 INFO [main][DocumentationPluginsBootstrapper.java:160] - Context refreshed
2023-10-03 11:06:00,886 INFO [main][DocumentationPluginsBootstrapper.java:160] - Context refreshed
2023-10-03 11:06:00,904 INFO [main][DocumentationPluginsBootstrapper.java:163] - Found 1 custom documentation plugin(s)
2023-10-03 11:06:00,904 INFO [main][DocumentationPluginsBootstrapper.java:163] - Found 1 custom documentation plugin(s)
2023-10-03 11:06:00,951 INFO [main][ApiListingReferenceScanner.java:41] - Scanning for api listing references
2023-10-03 11:06:00,951 INFO [main][ApiListingReferenceScanner.java:41] - Scanning for api listing references
2023-10-03 11:06:01,182 INFO [main][StartupInfoLogger.java:61] - Started SystemApplication in 5.228 seconds (JVM running for 7.293)
2023-10-03 11:06:01,182 INFO [main][StartupInfoLogger.java:61] - Started SystemApplication in 5.228 seconds (JVM running for 7.293)
2023-10-03 11:06:08,375 INFO [http-nio-63110-exec-1][DirectJDKLog.java:173] - Initializing Spring DispatcherServlet 'dispatcherServlet'
2023-10-03 11:06:08,375 INFO [http-nio-63110-exec-1][DirectJDKLog.java:173] - Initializing Spring DispatcherServlet 'dispatcherServlet'
2023-10-03 11:06:08,376 INFO [http-nio-63110-exec-1][FrameworkServlet.java:525] - Initializing Servlet 'dispatcherServlet'
2023-10-03 11:06:08,376 INFO [http-nio-63110-exec-1][FrameworkServlet.java:525] - Initializing Servlet 'dispatcherServlet'
2023-10-03 11:06:08,385 INFO [http-nio-63110-exec-1][FrameworkServlet.java:547] - Completed initialization in 9 ms
2023-10-03 11:06:08,385 INFO [http-nio-63110-exec-1][FrameworkServlet.java:547] - Completed initialization in 9 ms
2023-10-03 11:06:08,510 DEBUG [http-nio-63110-exec-1][HikariConfig.java:1066] - HikariPool-1 - configuration:
2023-10-03 11:06:08,510 DEBUG [http-nio-63110-exec-1][HikariConfig.java:1066] - HikariPool-1 - configuration:
2023-10-03 11:06:08,512 DEBUG [http-nio-63110-exec-1][HikariConfig.java:1098] - allowPoolSuspension.............false
2023-10-03 11:06:08,512 DEBUG [http-nio-63110-exec-1][HikariConfig.java:1098] - allowPoolSuspension.............false
2023-10-03 11:06:08,513 DEBUG [http-nio-63110-exec-1][HikariConfig.java:1098] - autoCommit......................true
2023-10-03 11:06:08,513 DEBUG [http-nio-63110-exec-1][HikariConfig.java:1098] - autoCommit......................true
2023-10-03 11:06:08,514 DEBUG [http-nio-63110-exec-1][HikariConfig.java:1098] - catalog.........................none
2023-10-03 11:06:08,514 DEBUG [http-nio-63110-exec-1][HikariConfig.java:1098] - catalog.........................none
2023-10-03 11:06:08,514 DEBUG [http-nio-63110-exec-1][HikariConfig.java:1098] - connectionInitSql...............none
2023-10-03 11:06:08,514 DEBUG [http-nio-63110-exec-1][HikariConfig.java:1098] - connectionInitSql...............none
2023-10-03 11:06:08,514 DEBUG [http-nio-63110-exec-1][HikariConfig.java:1098] - connectionTestQuery.............none
2023-10-03 11:06:08,514 DEBUG [http-nio-63110-exec-1][HikariConfig.java:1098] - connectionTestQuery.............none
2023-10-03 11:06:08,515 DEBUG [http-nio-63110-exec-1][HikariConfig.java:1098] - connectionTimeout...............30000
2023-10-03 11:06:08,515 DEBUG [http-nio-63110-exec-1][HikariConfig.java:1098] - connectionTimeout...............30000
2023-10-03 11:06:08,515 DEBUG [http-nio-63110-exec-1][HikariConfig.java:1098] - dataSource......................none
2023-10-03 11:06:08,515 DEBUG [http-nio-63110-exec-1][HikariConfig.java:1098] - dataSource......................none
2023-10-03 11:06:08,515 DEBUG [http-nio-63110-exec-1][HikariConfig.java:1098] - dataSourceClassName.............none
2023-10-03 11:06:08,515 DEBUG [http-nio-63110-exec-1][HikariConfig.java:1098] - dataSourceClassName.............none
2023-10-03 11:06:08,515 DEBUG [http-nio-63110-exec-1][HikariConfig.java:1098] - dataSourceJNDI..................none
2023-10-03 11:06:08,515 DEBUG [http-nio-63110-exec-1][HikariConfig.java:1098] - dataSourceJNDI..................none
2023-10-03 11:06:08,516 DEBUG [http-nio-63110-exec-1][HikariConfig.java:1098] - dataSourceProperties............{password=<masked>}
2023-10-03 11:06:08,516 DEBUG [http-nio-63110-exec-1][HikariConfig.java:1098] - dataSourceProperties............{password=<masked>}
2023-10-03 11:06:08,516 DEBUG [http-nio-63110-exec-1][HikariConfig.java:1098] - driverClassName................."com.mysql.cj.jdbc.Driver"
2023-10-03 11:06:08,516 DEBUG [http-nio-63110-exec-1][HikariConfig.java:1098] - driverClassName................."com.mysql.cj.jdbc.Driver"
2023-10-03 11:06:08,516 DEBUG [http-nio-63110-exec-1][HikariConfig.java:1098] - exceptionOverrideClassName......none
2023-10-03 11:06:08,516 DEBUG [http-nio-63110-exec-1][HikariConfig.java:1098] - exceptionOverrideClassName......none
2023-10-03 11:06:08,516 DEBUG [http-nio-63110-exec-1][HikariConfig.java:1098] - healthCheckProperties...........{}
2023-10-03 11:06:08,516 DEBUG [http-nio-63110-exec-1][HikariConfig.java:1098] - healthCheckProperties...........{}
2023-10-03 11:06:08,517 DEBUG [http-nio-63110-exec-1][HikariConfig.java:1098] - healthCheckRegistry.............none
2023-10-03 11:06:08,517 DEBUG [http-nio-63110-exec-1][HikariConfig.java:1098] - healthCheckRegistry.............none
2023-10-03 11:06:08,517 DEBUG [http-nio-63110-exec-1][HikariConfig.java:1098] - idleTimeout.....................600000
2023-10-03 11:06:08,517 DEBUG [http-nio-63110-exec-1][HikariConfig.java:1098] - idleTimeout.....................600000
2023-10-03 11:06:08,517 DEBUG [http-nio-63110-exec-1][HikariConfig.java:1098] - initializationFailTimeout.......1
2023-10-03 11:06:08,517 DEBUG [http-nio-63110-exec-1][HikariConfig.java:1098] - initializationFailTimeout.......1
2023-10-03 11:06:08,517 DEBUG [http-nio-63110-exec-1][HikariConfig.java:1098] - isolateInternalQueries..........false
2023-10-03 11:06:08,517 DEBUG [http-nio-63110-exec-1][HikariConfig.java:1098] - isolateInternalQueries..........false
2023-10-03 11:06:08,517 DEBUG [http-nio-63110-exec-1][HikariConfig.java:1098] - jdbcUrl.........................jdbc:mysql://192.168.200.65:3306/system_dic?serverTimezone=UTC&userUnicode=true&useSSL=false&
2023-10-03 11:06:08,517 DEBUG [http-nio-63110-exec-1][HikariConfig.java:1098] - jdbcUrl.........................jdbc:mysql://192.168.200.65:3306/system_dic?serverTimezone=UTC&userUnicode=true&useSSL=false&
2023-10-03 11:06:08,518 DEBUG [http-nio-63110-exec-1][HikariConfig.java:1098] - leakDetectionThreshold..........0
2023-10-03 11:06:08,518 DEBUG [http-nio-63110-exec-1][HikariConfig.java:1098] - leakDetectionThreshold..........0
2023-10-03 11:06:08,518 DEBUG [http-nio-63110-exec-1][HikariConfig.java:1098] - maxLifetime.....................1800000
2023-10-03 11:06:08,518 DEBUG [http-nio-63110-exec-1][HikariConfig.java:1098] - maxLifetime.....................1800000
2023-10-03 11:06:08,518 DEBUG [http-nio-63110-exec-1][HikariConfig.java:1098] - maximumPoolSize.................10
2023-10-03 11:06:08,518 DEBUG [http-nio-63110-exec-1][HikariConfig.java:1098] - maximumPoolSize.................10
2023-10-03 11:06:08,518 DEBUG [http-nio-63110-exec-1][HikariConfig.java:1098] - metricRegistry..................none
2023-10-03 11:06:08,518 DEBUG [http-nio-63110-exec-1][HikariConfig.java:1098] - metricRegistry..................none
2023-10-03 11:06:08,518 DEBUG [http-nio-63110-exec-1][HikariConfig.java:1098] - metricsTrackerFactory...........none
2023-10-03 11:06:08,518 DEBUG [http-nio-63110-exec-1][HikariConfig.java:1098] - metricsTrackerFactory...........none
2023-10-03 11:06:08,518 DEBUG [http-nio-63110-exec-1][HikariConfig.java:1098] - minimumIdle.....................10
2023-10-03 11:06:08,518 DEBUG [http-nio-63110-exec-1][HikariConfig.java:1098] - minimumIdle.....................10
2023-10-03 11:06:08,519 DEBUG [http-nio-63110-exec-1][HikariConfig.java:1098] - password........................<masked>
2023-10-03 11:06:08,519 DEBUG [http-nio-63110-exec-1][HikariConfig.java:1098] - password........................<masked>
2023-10-03 11:06:08,519 DEBUG [http-nio-63110-exec-1][HikariConfig.java:1098] - poolName........................"HikariPool-1"
2023-10-03 11:06:08,519 DEBUG [http-nio-63110-exec-1][HikariConfig.java:1098] - poolName........................"HikariPool-1"
2023-10-03 11:06:08,519 DEBUG [http-nio-63110-exec-1][HikariConfig.java:1098] - readOnly........................false
2023-10-03 11:06:08,519 DEBUG [http-nio-63110-exec-1][HikariConfig.java:1098] - readOnly........................false
2023-10-03 11:06:08,519 DEBUG [http-nio-63110-exec-1][HikariConfig.java:1098] - registerMbeans..................false
2023-10-03 11:06:08,519 DEBUG [http-nio-63110-exec-1][HikariConfig.java:1098] - registerMbeans..................false
2023-10-03 11:06:08,519 DEBUG [http-nio-63110-exec-1][HikariConfig.java:1098] - scheduledExecutor...............none
2023-10-03 11:06:08,519 DEBUG [http-nio-63110-exec-1][HikariConfig.java:1098] - scheduledExecutor...............none
2023-10-03 11:06:08,520 DEBUG [http-nio-63110-exec-1][HikariConfig.java:1098] - schema..........................none
2023-10-03 11:06:08,520 DEBUG [http-nio-63110-exec-1][HikariConfig.java:1098] - schema..........................none
2023-10-03 11:06:08,520 DEBUG [http-nio-63110-exec-1][HikariConfig.java:1098] - threadFactory...................internal
2023-10-03 11:06:08,520 DEBUG [http-nio-63110-exec-1][HikariConfig.java:1098] - threadFactory...................internal
2023-10-03 11:06:08,520 DEBUG [http-nio-63110-exec-1][HikariConfig.java:1098] - transactionIsolation............default
2023-10-03 11:06:08,520 DEBUG [http-nio-63110-exec-1][HikariConfig.java:1098] - transactionIsolation............default
2023-10-03 11:06:08,520 DEBUG [http-nio-63110-exec-1][HikariConfig.java:1098] - username........................"root"
2023-10-03 11:06:08,520 DEBUG [http-nio-63110-exec-1][HikariConfig.java:1098] - username........................"root"
2023-10-03 11:06:08,520 DEBUG [http-nio-63110-exec-1][HikariConfig.java:1098] - validationTimeout...............5000
2023-10-03 11:06:08,520 DEBUG [http-nio-63110-exec-1][HikariConfig.java:1098] - validationTimeout...............5000
2023-10-03 11:06:08,521 INFO [http-nio-63110-exec-1][HikariDataSource.java:110] - HikariPool-1 - Starting...
2023-10-03 11:06:08,521 INFO [http-nio-63110-exec-1][HikariDataSource.java:110] - HikariPool-1 - Starting...
2023-10-03 11:06:08,710 DEBUG [http-nio-63110-exec-1][HikariPool.java:564] - HikariPool-1 - Added connection com.mysql.cj.jdbc.ConnectionImpl@76969acc
2023-10-03 11:06:08,710 DEBUG [http-nio-63110-exec-1][HikariPool.java:564] - HikariPool-1 - Added connection com.mysql.cj.jdbc.ConnectionImpl@76969acc
2023-10-03 11:06:08,713 INFO [http-nio-63110-exec-1][HikariDataSource.java:123] - HikariPool-1 - Start completed.
2023-10-03 11:06:08,713 INFO [http-nio-63110-exec-1][HikariDataSource.java:123] - HikariPool-1 - Start completed.
2023-10-03 11:06:08,720 DEBUG [http-nio-63110-exec-1][BaseJdbcLogger.java:137] - ==>  Preparing: SELECT id,name,code,item_values FROM dictionary
2023-10-03 11:06:08,720 DEBUG [http-nio-63110-exec-1][BaseJdbcLogger.java:137] - ==>  Preparing: SELECT id,name,code,item_values FROM dictionary
2023-10-03 11:06:08,748 DEBUG [http-nio-63110-exec-1][BaseJdbcLogger.java:137] - ==> Parameters: 
2023-10-03 11:06:08,748 DEBUG [http-nio-63110-exec-1][BaseJdbcLogger.java:137] - ==> Parameters: 
2023-10-03 11:06:08,781 DEBUG [http-nio-63110-exec-1][BaseJdbcLogger.java:137] - <==      Total: 17
2023-10-03 11:06:08,781 DEBUG [http-nio-63110-exec-1][BaseJdbcLogger.java:137] - <==      Total: 17
2023-10-03 11:06:08,814 DEBUG [HikariPool-1 housekeeper][HikariPool.java:421] - HikariPool-1 - Pool stats (total=1, active=0, idle=1, waiting=0)
2023-10-03 11:06:08,814 DEBUG [HikariPool-1 housekeeper][HikariPool.java:421] - HikariPool-1 - Pool stats (total=1, active=0, idle=1, waiting=0)
2023-10-03 11:06:08,832 DEBUG [HikariPool-1 connection adder][HikariPool.java:728] - HikariPool-1 - Added connection com.mysql.cj.jdbc.ConnectionImpl@941f9c4
2023-10-03 11:06:08,832 DEBUG [HikariPool-1 connection adder][HikariPool.java:728] - HikariPool-1 - Added connection com.mysql.cj.jdbc.ConnectionImpl@941f9c4
2023-10-03 11:06:08,850 DEBUG [HikariPool-1 connection adder][HikariPool.java:728] - HikariPool-1 - Added connection com.mysql.cj.jdbc.ConnectionImpl@487cf3ff
2023-10-03 11:06:08,850 DEBUG [HikariPool-1 connection adder][HikariPool.java:728] - HikariPool-1 - Added connection com.mysql.cj.jdbc.ConnectionImpl@487cf3ff
2023-10-03 11:06:08,862 DEBUG [HikariPool-1 connection adder][HikariPool.java:728] - HikariPool-1 - Added connection com.mysql.cj.jdbc.ConnectionImpl@79fe3870
2023-10-03 11:06:08,862 DEBUG [HikariPool-1 connection adder][HikariPool.java:728] - HikariPool-1 - Added connection com.mysql.cj.jdbc.ConnectionImpl@79fe3870
2023-10-03 11:06:08,873 DEBUG [HikariPool-1 connection adder][HikariPool.java:728] - HikariPool-1 - Added connection com.mysql.cj.jdbc.ConnectionImpl@28530cb0
2023-10-03 11:06:08,873 DEBUG [HikariPool-1 connection adder][HikariPool.java:728] - HikariPool-1 - Added connection com.mysql.cj.jdbc.ConnectionImpl@28530cb0
2023-10-03 11:06:08,885 DEBUG [HikariPool-1 connection adder][HikariPool.java:728] - HikariPool-1 - Added connection com.mysql.cj.jdbc.ConnectionImpl@64d91385
2023-10-03 11:06:08,885 DEBUG [HikariPool-1 connection adder][HikariPool.java:728] - HikariPool-1 - Added connection com.mysql.cj.jdbc.ConnectionImpl@64d91385
2023-10-03 11:06:08,897 DEBUG [HikariPool-1 connection adder][HikariPool.java:728] - HikariPool-1 - Added connection com.mysql.cj.jdbc.ConnectionImpl@2c1d505a
2023-10-03 11:06:08,897 DEBUG [HikariPool-1 connection adder][HikariPool.java:728] - HikariPool-1 - Added connection com.mysql.cj.jdbc.ConnectionImpl@2c1d505a
2023-10-03 11:06:08,913 DEBUG [HikariPool-1 connection adder][HikariPool.java:728] - HikariPool-1 - Added connection com.mysql.cj.jdbc.ConnectionImpl@4bd98205
2023-10-03 11:06:08,913 DEBUG [HikariPool-1 connection adder][HikariPool.java:728] - HikariPool-1 - Added connection com.mysql.cj.jdbc.ConnectionImpl@4bd98205
2023-10-03 11:06:08,930 DEBUG [HikariPool-1 connection adder][HikariPool.java:728] - HikariPool-1 - Added connection com.mysql.cj.jdbc.ConnectionImpl@125c2afa
2023-10-03 11:06:08,930 DEBUG [HikariPool-1 connection adder][HikariPool.java:728] - HikariPool-1 - Added connection com.mysql.cj.jdbc.ConnectionImpl@125c2afa
2023-10-03 11:06:08,943 DEBUG [HikariPool-1 connection adder][HikariPool.java:728] - HikariPool-1 - Added connection com.mysql.cj.jdbc.ConnectionImpl@6d11ebbb
2023-10-03 11:06:08,943 DEBUG [HikariPool-1 connection adder][HikariPool.java:728] - HikariPool-1 - Added connection com.mysql.cj.jdbc.ConnectionImpl@6d11ebbb
2023-10-03 11:06:08,943 DEBUG [HikariPool-1 connection adder][HikariPool.java:421] - HikariPool-1 - After adding stats (total=10, active=0, idle=10, waiting=0)
2023-10-03 11:06:08,943 DEBUG [HikariPool-1 connection adder][HikariPool.java:421] - HikariPool-1 - After adding stats (total=10, active=0, idle=10, waiting=0)
