2023-10-06 21:48:48,199 WARN [HikariPool-1 housekeeper][HikariPool.java:787] - HikariPool-1 - Thread starvation or clock leap detected (housekeeper delta=2h14m2s821ms185µs400ns).
2023-10-06 21:48:48,199 WARN [HikariPool-1 housekeeper][HikariPool.java:787] - HikariPool-1 - Thread starvation or clock leap detected (housekeeper delta=2h14m2s821ms185µs400ns).
2023-10-06 21:48:48,219 DEBUG [HikariPool-1 housekeeper][HikariPool.java:421] - HikariPool-1 - Pool stats (total=10, active=0, idle=10, waiting=0)
2023-10-06 21:48:48,219 DEBUG [HikariPool-1 housekeeper][HikariPool.java:421] - HikariPool-1 - Pool stats (total=10, active=0, idle=10, waiting=0)
2023-10-06 21:48:48,219 DEBUG [HikariPool-1 housekeeper][HikariPool.java:517] - HikariPool-1 - Fill pool skipped, pool is at sufficient level.
2023-10-06 21:48:48,219 DEBUG [HikariPool-1 housekeeper][HikariPool.java:517] - HikariPool-1 - Fill pool skipped, pool is at sufficient level.
2023-10-06 21:48:48,219 DEBUG [HikariPool-1 housekeeper][HikariPool.java:342] - HikariPool-1 - Add connection elided, waiting 0, queue 1
2023-10-06 21:48:48,219 DEBUG [HikariPool-1 housekeeper][HikariPool.java:342] - HikariPool-1 - Add connection elided, waiting 0, queue 1
2023-10-06 21:48:48,219 DEBUG [HikariPool-1 housekeeper][HikariPool.java:342] - HikariPool-1 - Add connection elided, waiting 0, queue 1
2023-10-06 21:48:48,219 DEBUG [HikariPool-1 housekeeper][HikariPool.java:342] - HikariPool-1 - Add connection elided, waiting 0, queue 1
2023-10-06 21:48:48,219 DEBUG [HikariPool-1 connection closer][PoolBase.java:134] - HikariPool-1 - Closing connection com.mysql.cj.jdbc.ConnectionImpl@64d00c2c: (connection has passed maxLifetime)
2023-10-06 21:48:48,219 DEBUG [HikariPool-1 connection closer][PoolBase.java:134] - HikariPool-1 - Closing connection com.mysql.cj.jdbc.ConnectionImpl@64d00c2c: (connection has passed maxLifetime)
2023-10-06 21:48:48,219 DEBUG [HikariPool-1 housekeeper][HikariPool.java:342] - HikariPool-1 - Add connection elided, waiting 0, queue 1
2023-10-06 21:48:48,219 DEBUG [HikariPool-1 housekeeper][HikariPool.java:342] - HikariPool-1 - Add connection elided, waiting 0, queue 1
2023-10-06 21:48:48,219 DEBUG [HikariPool-1 housekeeper][HikariPool.java:342] - HikariPool-1 - Add connection elided, waiting 0, queue 1
2023-10-06 21:48:48,219 DEBUG [HikariPool-1 housekeeper][HikariPool.java:342] - HikariPool-1 - Add connection elided, waiting 0, queue 1
2023-10-06 21:48:48,219 DEBUG [HikariPool-1 housekeeper][HikariPool.java:342] - HikariPool-1 - Add connection elided, waiting 0, queue 1
2023-10-06 21:48:48,219 DEBUG [HikariPool-1 housekeeper][HikariPool.java:342] - HikariPool-1 - Add connection elided, waiting 0, queue 1
2023-10-06 21:48:48,221 DEBUG [HikariPool-1 housekeeper][HikariPool.java:342] - HikariPool-1 - Add connection elided, waiting 0, queue 1
2023-10-06 21:48:48,221 DEBUG [HikariPool-1 housekeeper][HikariPool.java:342] - HikariPool-1 - Add connection elided, waiting 0, queue 1
2023-10-06 21:48:48,221 DEBUG [HikariPool-1 housekeeper][HikariPool.java:342] - HikariPool-1 - Add connection elided, waiting 0, queue 1
2023-10-06 21:48:48,221 DEBUG [HikariPool-1 housekeeper][HikariPool.java:342] - HikariPool-1 - Add connection elided, waiting 0, queue 1
2023-10-06 21:48:48,221 DEBUG [HikariPool-1 housekeeper][HikariPool.java:342] - HikariPool-1 - Add connection elided, waiting 0, queue 1
2023-10-06 21:48:48,221 DEBUG [HikariPool-1 housekeeper][HikariPool.java:342] - HikariPool-1 - Add connection elided, waiting 0, queue 1
2023-10-06 21:48:48,230 DEBUG [HikariPool-1 connection closer][PoolBase.java:134] - HikariPool-1 - Closing connection com.mysql.cj.jdbc.ConnectionImpl@45b37996: (connection has passed maxLifetime)
2023-10-06 21:48:48,230 DEBUG [HikariPool-1 connection closer][PoolBase.java:134] - HikariPool-1 - Closing connection com.mysql.cj.jdbc.ConnectionImpl@45b37996: (connection has passed maxLifetime)
2023-10-06 21:48:48,230 DEBUG [HikariPool-1 connection closer][HikariPool.java:517] - HikariPool-1 - Fill pool skipped, pool is at sufficient level.
2023-10-06 21:48:48,230 DEBUG [HikariPool-1 connection closer][HikariPool.java:517] - HikariPool-1 - Fill pool skipped, pool is at sufficient level.
2023-10-06 21:48:48,230 DEBUG [HikariPool-1 connection closer][PoolBase.java:134] - HikariPool-1 - Closing connection com.mysql.cj.jdbc.ConnectionImpl@317ba91b: (connection has passed maxLifetime)
2023-10-06 21:48:48,230 DEBUG [HikariPool-1 connection closer][PoolBase.java:134] - HikariPool-1 - Closing connection com.mysql.cj.jdbc.ConnectionImpl@317ba91b: (connection has passed maxLifetime)
2023-10-06 21:48:48,230 DEBUG [HikariPool-1 connection closer][HikariPool.java:517] - HikariPool-1 - Fill pool skipped, pool is at sufficient level.
2023-10-06 21:48:48,230 DEBUG [HikariPool-1 connection closer][HikariPool.java:517] - HikariPool-1 - Fill pool skipped, pool is at sufficient level.
2023-10-06 21:48:48,230 DEBUG [HikariPool-1 connection closer][PoolBase.java:134] - HikariPool-1 - Closing connection com.mysql.cj.jdbc.ConnectionImpl@7cbe9d0: (connection has passed maxLifetime)
2023-10-06 21:48:48,230 DEBUG [HikariPool-1 connection closer][PoolBase.java:134] - HikariPool-1 - Closing connection com.mysql.cj.jdbc.ConnectionImpl@7cbe9d0: (connection has passed maxLifetime)
2023-10-06 21:48:48,233 DEBUG [HikariPool-1 connection closer][HikariPool.java:517] - HikariPool-1 - Fill pool skipped, pool is at sufficient level.
2023-10-06 21:48:48,233 DEBUG [HikariPool-1 connection closer][HikariPool.java:517] - HikariPool-1 - Fill pool skipped, pool is at sufficient level.
2023-10-06 21:48:48,233 DEBUG [HikariPool-1 connection closer][PoolBase.java:134] - HikariPool-1 - Closing connection com.mysql.cj.jdbc.ConnectionImpl@1f359133: (connection has passed maxLifetime)
2023-10-06 21:48:48,233 DEBUG [HikariPool-1 connection closer][PoolBase.java:134] - HikariPool-1 - Closing connection com.mysql.cj.jdbc.ConnectionImpl@1f359133: (connection has passed maxLifetime)
2023-10-06 21:48:48,236 DEBUG [HikariPool-1 connection closer][HikariPool.java:517] - HikariPool-1 - Fill pool skipped, pool is at sufficient level.
2023-10-06 21:48:48,236 DEBUG [HikariPool-1 connection closer][HikariPool.java:517] - HikariPool-1 - Fill pool skipped, pool is at sufficient level.
2023-10-06 21:48:48,236 DEBUG [HikariPool-1 connection closer][PoolBase.java:134] - HikariPool-1 - Closing connection com.mysql.cj.jdbc.ConnectionImpl@4f367340: (connection has passed maxLifetime)
2023-10-06 21:48:48,236 DEBUG [HikariPool-1 connection closer][PoolBase.java:134] - HikariPool-1 - Closing connection com.mysql.cj.jdbc.ConnectionImpl@4f367340: (connection has passed maxLifetime)
2023-10-06 21:48:48,236 DEBUG [HikariPool-1 connection closer][HikariPool.java:517] - HikariPool-1 - Fill pool skipped, pool is at sufficient level.
2023-10-06 21:48:48,236 DEBUG [HikariPool-1 connection closer][HikariPool.java:517] - HikariPool-1 - Fill pool skipped, pool is at sufficient level.
2023-10-06 21:48:48,236 DEBUG [HikariPool-1 connection closer][PoolBase.java:134] - HikariPool-1 - Closing connection com.mysql.cj.jdbc.ConnectionImpl@7452c1fd: (connection has passed maxLifetime)
2023-10-06 21:48:48,236 DEBUG [HikariPool-1 connection closer][PoolBase.java:134] - HikariPool-1 - Closing connection com.mysql.cj.jdbc.ConnectionImpl@7452c1fd: (connection has passed maxLifetime)
2023-10-06 21:48:48,239 DEBUG [HikariPool-1 connection closer][HikariPool.java:517] - HikariPool-1 - Fill pool skipped, pool is at sufficient level.
2023-10-06 21:48:48,239 DEBUG [HikariPool-1 connection closer][HikariPool.java:517] - HikariPool-1 - Fill pool skipped, pool is at sufficient level.
2023-10-06 21:48:48,239 DEBUG [HikariPool-1 connection closer][PoolBase.java:134] - HikariPool-1 - Closing connection com.mysql.cj.jdbc.ConnectionImpl@27afdb3f: (connection has passed maxLifetime)
2023-10-06 21:48:48,239 DEBUG [HikariPool-1 connection closer][PoolBase.java:134] - HikariPool-1 - Closing connection com.mysql.cj.jdbc.ConnectionImpl@27afdb3f: (connection has passed maxLifetime)
2023-10-06 21:48:48,239 DEBUG [HikariPool-1 connection closer][HikariPool.java:517] - HikariPool-1 - Fill pool skipped, pool is at sufficient level.
2023-10-06 21:48:48,239 DEBUG [HikariPool-1 connection closer][HikariPool.java:517] - HikariPool-1 - Fill pool skipped, pool is at sufficient level.
2023-10-06 21:48:48,239 DEBUG [HikariPool-1 connection closer][PoolBase.java:134] - HikariPool-1 - Closing connection com.mysql.cj.jdbc.ConnectionImpl@5d173a32: (connection has passed maxLifetime)
2023-10-06 21:48:48,239 DEBUG [HikariPool-1 connection closer][PoolBase.java:134] - HikariPool-1 - Closing connection com.mysql.cj.jdbc.ConnectionImpl@5d173a32: (connection has passed maxLifetime)
2023-10-06 21:48:48,241 DEBUG [HikariPool-1 connection closer][HikariPool.java:517] - HikariPool-1 - Fill pool skipped, pool is at sufficient level.
2023-10-06 21:48:48,241 DEBUG [HikariPool-1 connection closer][HikariPool.java:517] - HikariPool-1 - Fill pool skipped, pool is at sufficient level.
2023-10-06 21:48:48,241 DEBUG [HikariPool-1 connection closer][PoolBase.java:134] - HikariPool-1 - Closing connection com.mysql.cj.jdbc.ConnectionImpl@146e8b9b: (connection has passed maxLifetime)
2023-10-06 21:48:48,241 DEBUG [HikariPool-1 connection closer][PoolBase.java:134] - HikariPool-1 - Closing connection com.mysql.cj.jdbc.ConnectionImpl@146e8b9b: (connection has passed maxLifetime)
2023-10-06 21:48:48,241 DEBUG [HikariPool-1 connection closer][HikariPool.java:517] - HikariPool-1 - Fill pool skipped, pool is at sufficient level.
2023-10-06 21:48:48,241 DEBUG [HikariPool-1 connection closer][HikariPool.java:517] - HikariPool-1 - Fill pool skipped, pool is at sufficient level.
2023-10-06 21:48:48,255 DEBUG [HikariPool-1 connection adder][HikariPool.java:728] - HikariPool-1 - Added connection com.mysql.cj.jdbc.ConnectionImpl@746e2327
2023-10-06 21:48:48,255 DEBUG [HikariPool-1 connection adder][HikariPool.java:728] - HikariPool-1 - Added connection com.mysql.cj.jdbc.ConnectionImpl@746e2327
2023-10-06 21:48:48,269 DEBUG [HikariPool-1 connection adder][HikariPool.java:728] - HikariPool-1 - Added connection com.mysql.cj.jdbc.ConnectionImpl@17910e
2023-10-06 21:48:48,269 DEBUG [HikariPool-1 connection adder][HikariPool.java:728] - HikariPool-1 - Added connection com.mysql.cj.jdbc.ConnectionImpl@17910e
2023-10-06 21:48:48,289 DEBUG [HikariPool-1 connection adder][HikariPool.java:728] - HikariPool-1 - Added connection com.mysql.cj.jdbc.ConnectionImpl@864194c
2023-10-06 21:48:48,289 DEBUG [HikariPool-1 connection adder][HikariPool.java:728] - HikariPool-1 - Added connection com.mysql.cj.jdbc.ConnectionImpl@864194c
2023-10-06 21:48:48,303 DEBUG [HikariPool-1 connection adder][HikariPool.java:728] - HikariPool-1 - Added connection com.mysql.cj.jdbc.ConnectionImpl@550de173
2023-10-06 21:48:48,303 DEBUG [HikariPool-1 connection adder][HikariPool.java:728] - HikariPool-1 - Added connection com.mysql.cj.jdbc.ConnectionImpl@550de173
2023-10-06 21:48:48,323 DEBUG [HikariPool-1 connection adder][HikariPool.java:728] - HikariPool-1 - Added connection com.mysql.cj.jdbc.ConnectionImpl@648aea92
2023-10-06 21:48:48,323 DEBUG [HikariPool-1 connection adder][HikariPool.java:728] - HikariPool-1 - Added connection com.mysql.cj.jdbc.ConnectionImpl@648aea92
2023-10-06 21:48:48,352 DEBUG [HikariPool-1 connection adder][HikariPool.java:728] - HikariPool-1 - Added connection com.mysql.cj.jdbc.ConnectionImpl@4822495c
2023-10-06 21:48:48,352 DEBUG [HikariPool-1 connection adder][HikariPool.java:728] - HikariPool-1 - Added connection com.mysql.cj.jdbc.ConnectionImpl@4822495c
2023-10-06 21:48:48,371 DEBUG [HikariPool-1 connection adder][HikariPool.java:728] - HikariPool-1 - Added connection com.mysql.cj.jdbc.ConnectionImpl@28b237a2
2023-10-06 21:48:48,371 DEBUG [HikariPool-1 connection adder][HikariPool.java:728] - HikariPool-1 - Added connection com.mysql.cj.jdbc.ConnectionImpl@28b237a2
2023-10-06 21:48:48,385 DEBUG [HikariPool-1 connection adder][HikariPool.java:728] - HikariPool-1 - Added connection com.mysql.cj.jdbc.ConnectionImpl@25c56e0a
2023-10-06 21:48:48,385 DEBUG [HikariPool-1 connection adder][HikariPool.java:728] - HikariPool-1 - Added connection com.mysql.cj.jdbc.ConnectionImpl@25c56e0a
2023-10-06 21:48:48,402 DEBUG [HikariPool-1 connection adder][HikariPool.java:728] - HikariPool-1 - Added connection com.mysql.cj.jdbc.ConnectionImpl@38a2bf2d
2023-10-06 21:48:48,402 DEBUG [HikariPool-1 connection adder][HikariPool.java:728] - HikariPool-1 - Added connection com.mysql.cj.jdbc.ConnectionImpl@38a2bf2d
2023-10-06 21:48:48,428 DEBUG [HikariPool-1 connection adder][HikariPool.java:728] - HikariPool-1 - Added connection com.mysql.cj.jdbc.ConnectionImpl@3ced1fb7
2023-10-06 21:48:48,428 DEBUG [HikariPool-1 connection adder][HikariPool.java:728] - HikariPool-1 - Added connection com.mysql.cj.jdbc.ConnectionImpl@3ced1fb7
2023-10-06 21:49:18,221 DEBUG [HikariPool-1 housekeeper][HikariPool.java:421] - HikariPool-1 - Pool stats (total=10, active=0, idle=10, waiting=0)
2023-10-06 21:49:18,221 DEBUG [HikariPool-1 housekeeper][HikariPool.java:421] - HikariPool-1 - Pool stats (total=10, active=0, idle=10, waiting=0)
2023-10-06 21:49:18,221 DEBUG [HikariPool-1 housekeeper][HikariPool.java:517] - HikariPool-1 - Fill pool skipped, pool is at sufficient level.
2023-10-06 21:49:18,221 DEBUG [HikariPool-1 housekeeper][HikariPool.java:517] - HikariPool-1 - Fill pool skipped, pool is at sufficient level.
2023-10-06 21:49:48,223 DEBUG [HikariPool-1 housekeeper][HikariPool.java:421] - HikariPool-1 - Pool stats (total=10, active=0, idle=10, waiting=0)
2023-10-06 21:49:48,223 DEBUG [HikariPool-1 housekeeper][HikariPool.java:421] - HikariPool-1 - Pool stats (total=10, active=0, idle=10, waiting=0)
2023-10-06 21:49:48,223 DEBUG [HikariPool-1 housekeeper][HikariPool.java:517] - HikariPool-1 - Fill pool skipped, pool is at sufficient level.
2023-10-06 21:49:48,223 DEBUG [HikariPool-1 housekeeper][HikariPool.java:517] - HikariPool-1 - Fill pool skipped, pool is at sufficient level.
2023-10-06 21:50:18,225 DEBUG [HikariPool-1 housekeeper][HikariPool.java:421] - HikariPool-1 - Pool stats (total=10, active=0, idle=10, waiting=0)
2023-10-06 21:50:18,225 DEBUG [HikariPool-1 housekeeper][HikariPool.java:421] - HikariPool-1 - Pool stats (total=10, active=0, idle=10, waiting=0)
2023-10-06 21:50:18,225 DEBUG [HikariPool-1 housekeeper][HikariPool.java:517] - HikariPool-1 - Fill pool skipped, pool is at sufficient level.
2023-10-06 21:50:18,225 DEBUG [HikariPool-1 housekeeper][HikariPool.java:517] - HikariPool-1 - Fill pool skipped, pool is at sufficient level.
2023-10-06 21:50:48,228 DEBUG [HikariPool-1 housekeeper][HikariPool.java:421] - HikariPool-1 - Pool stats (total=10, active=0, idle=10, waiting=0)
2023-10-06 21:50:48,228 DEBUG [HikariPool-1 housekeeper][HikariPool.java:421] - HikariPool-1 - Pool stats (total=10, active=0, idle=10, waiting=0)
2023-10-06 21:50:48,228 DEBUG [HikariPool-1 housekeeper][HikariPool.java:517] - HikariPool-1 - Fill pool skipped, pool is at sufficient level.
2023-10-06 21:50:48,228 DEBUG [HikariPool-1 housekeeper][HikariPool.java:517] - HikariPool-1 - Fill pool skipped, pool is at sufficient level.
2023-10-06 21:51:18,231 DEBUG [HikariPool-1 housekeeper][HikariPool.java:421] - HikariPool-1 - Pool stats (total=10, active=0, idle=10, waiting=0)
2023-10-06 21:51:18,231 DEBUG [HikariPool-1 housekeeper][HikariPool.java:421] - HikariPool-1 - Pool stats (total=10, active=0, idle=10, waiting=0)
2023-10-06 21:51:18,231 DEBUG [HikariPool-1 housekeeper][HikariPool.java:517] - HikariPool-1 - Fill pool skipped, pool is at sufficient level.
2023-10-06 21:51:18,231 DEBUG [HikariPool-1 housekeeper][HikariPool.java:517] - HikariPool-1 - Fill pool skipped, pool is at sufficient level.
2023-10-06 21:51:48,233 DEBUG [HikariPool-1 housekeeper][HikariPool.java:421] - HikariPool-1 - Pool stats (total=10, active=0, idle=10, waiting=0)
2023-10-06 21:51:48,233 DEBUG [HikariPool-1 housekeeper][HikariPool.java:421] - HikariPool-1 - Pool stats (total=10, active=0, idle=10, waiting=0)
2023-10-06 21:51:48,233 DEBUG [HikariPool-1 housekeeper][HikariPool.java:517] - HikariPool-1 - Fill pool skipped, pool is at sufficient level.
2023-10-06 21:51:48,233 DEBUG [HikariPool-1 housekeeper][HikariPool.java:517] - HikariPool-1 - Fill pool skipped, pool is at sufficient level.
2023-10-06 21:52:18,234 DEBUG [HikariPool-1 housekeeper][HikariPool.java:421] - HikariPool-1 - Pool stats (total=10, active=0, idle=10, waiting=0)
2023-10-06 21:52:18,234 DEBUG [HikariPool-1 housekeeper][HikariPool.java:421] - HikariPool-1 - Pool stats (total=10, active=0, idle=10, waiting=0)
2023-10-06 21:52:18,234 DEBUG [HikariPool-1 housekeeper][HikariPool.java:517] - HikariPool-1 - Fill pool skipped, pool is at sufficient level.
2023-10-06 21:52:18,234 DEBUG [HikariPool-1 housekeeper][HikariPool.java:517] - HikariPool-1 - Fill pool skipped, pool is at sufficient level.
2023-10-06 21:52:48,236 DEBUG [HikariPool-1 housekeeper][HikariPool.java:421] - HikariPool-1 - Pool stats (total=10, active=0, idle=10, waiting=0)
2023-10-06 21:52:48,236 DEBUG [HikariPool-1 housekeeper][HikariPool.java:421] - HikariPool-1 - Pool stats (total=10, active=0, idle=10, waiting=0)
2023-10-06 21:52:48,236 DEBUG [HikariPool-1 housekeeper][HikariPool.java:517] - HikariPool-1 - Fill pool skipped, pool is at sufficient level.
2023-10-06 21:52:48,236 DEBUG [HikariPool-1 housekeeper][HikariPool.java:517] - HikariPool-1 - Fill pool skipped, pool is at sufficient level.
2023-10-06 21:53:18,237 DEBUG [HikariPool-1 housekeeper][HikariPool.java:421] - HikariPool-1 - Pool stats (total=10, active=0, idle=10, waiting=0)
2023-10-06 21:53:18,237 DEBUG [HikariPool-1 housekeeper][HikariPool.java:421] - HikariPool-1 - Pool stats (total=10, active=0, idle=10, waiting=0)
2023-10-06 21:53:18,237 DEBUG [HikariPool-1 housekeeper][HikariPool.java:517] - HikariPool-1 - Fill pool skipped, pool is at sufficient level.
2023-10-06 21:53:18,237 DEBUG [HikariPool-1 housekeeper][HikariPool.java:517] - HikariPool-1 - Fill pool skipped, pool is at sufficient level.
2023-10-06 21:53:48,240 DEBUG [HikariPool-1 housekeeper][HikariPool.java:421] - HikariPool-1 - Pool stats (total=10, active=0, idle=10, waiting=0)
2023-10-06 21:53:48,240 DEBUG [HikariPool-1 housekeeper][HikariPool.java:421] - HikariPool-1 - Pool stats (total=10, active=0, idle=10, waiting=0)
2023-10-06 21:53:48,240 DEBUG [HikariPool-1 housekeeper][HikariPool.java:517] - HikariPool-1 - Fill pool skipped, pool is at sufficient level.
2023-10-06 21:53:48,240 DEBUG [HikariPool-1 housekeeper][HikariPool.java:517] - HikariPool-1 - Fill pool skipped, pool is at sufficient level.
2023-10-06 21:54:18,242 DEBUG [HikariPool-1 housekeeper][HikariPool.java:421] - HikariPool-1 - Pool stats (total=10, active=0, idle=10, waiting=0)
2023-10-06 21:54:18,242 DEBUG [HikariPool-1 housekeeper][HikariPool.java:421] - HikariPool-1 - Pool stats (total=10, active=0, idle=10, waiting=0)
2023-10-06 21:54:18,242 DEBUG [HikariPool-1 housekeeper][HikariPool.java:517] - HikariPool-1 - Fill pool skipped, pool is at sufficient level.
2023-10-06 21:54:18,242 DEBUG [HikariPool-1 housekeeper][HikariPool.java:517] - HikariPool-1 - Fill pool skipped, pool is at sufficient level.
2023-10-06 21:54:48,243 DEBUG [HikariPool-1 housekeeper][HikariPool.java:421] - HikariPool-1 - Pool stats (total=10, active=0, idle=10, waiting=0)
2023-10-06 21:54:48,243 DEBUG [HikariPool-1 housekeeper][HikariPool.java:421] - HikariPool-1 - Pool stats (total=10, active=0, idle=10, waiting=0)
2023-10-06 21:54:48,243 DEBUG [HikariPool-1 housekeeper][HikariPool.java:517] - HikariPool-1 - Fill pool skipped, pool is at sufficient level.
2023-10-06 21:54:48,243 DEBUG [HikariPool-1 housekeeper][HikariPool.java:517] - HikariPool-1 - Fill pool skipped, pool is at sufficient level.
2023-10-06 21:55:18,244 DEBUG [HikariPool-1 housekeeper][HikariPool.java:421] - HikariPool-1 - Pool stats (total=10, active=0, idle=10, waiting=0)
2023-10-06 21:55:18,244 DEBUG [HikariPool-1 housekeeper][HikariPool.java:421] - HikariPool-1 - Pool stats (total=10, active=0, idle=10, waiting=0)
2023-10-06 21:55:18,244 DEBUG [HikariPool-1 housekeeper][HikariPool.java:517] - HikariPool-1 - Fill pool skipped, pool is at sufficient level.
2023-10-06 21:55:18,244 DEBUG [HikariPool-1 housekeeper][HikariPool.java:517] - HikariPool-1 - Fill pool skipped, pool is at sufficient level.
2023-10-06 21:55:48,245 DEBUG [HikariPool-1 housekeeper][HikariPool.java:421] - HikariPool-1 - Pool stats (total=10, active=0, idle=10, waiting=0)
2023-10-06 21:55:48,245 DEBUG [HikariPool-1 housekeeper][HikariPool.java:421] - HikariPool-1 - Pool stats (total=10, active=0, idle=10, waiting=0)
2023-10-06 21:55:48,245 DEBUG [HikariPool-1 housekeeper][HikariPool.java:517] - HikariPool-1 - Fill pool skipped, pool is at sufficient level.
2023-10-06 21:55:48,245 DEBUG [HikariPool-1 housekeeper][HikariPool.java:517] - HikariPool-1 - Fill pool skipped, pool is at sufficient level.
2023-10-06 21:56:18,247 DEBUG [HikariPool-1 housekeeper][HikariPool.java:421] - HikariPool-1 - Pool stats (total=10, active=0, idle=10, waiting=0)
2023-10-06 21:56:18,247 DEBUG [HikariPool-1 housekeeper][HikariPool.java:421] - HikariPool-1 - Pool stats (total=10, active=0, idle=10, waiting=0)
2023-10-06 21:56:18,247 DEBUG [HikariPool-1 housekeeper][HikariPool.java:517] - HikariPool-1 - Fill pool skipped, pool is at sufficient level.
2023-10-06 21:56:18,247 DEBUG [HikariPool-1 housekeeper][HikariPool.java:517] - HikariPool-1 - Fill pool skipped, pool is at sufficient level.
2023-10-06 21:56:48,250 DEBUG [HikariPool-1 housekeeper][HikariPool.java:421] - HikariPool-1 - Pool stats (total=10, active=0, idle=10, waiting=0)
2023-10-06 21:56:48,250 DEBUG [HikariPool-1 housekeeper][HikariPool.java:421] - HikariPool-1 - Pool stats (total=10, active=0, idle=10, waiting=0)
2023-10-06 21:56:48,250 DEBUG [HikariPool-1 housekeeper][HikariPool.java:517] - HikariPool-1 - Fill pool skipped, pool is at sufficient level.
2023-10-06 21:56:48,250 DEBUG [HikariPool-1 housekeeper][HikariPool.java:517] - HikariPool-1 - Fill pool skipped, pool is at sufficient level.
2023-10-06 21:57:18,252 DEBUG [HikariPool-1 housekeeper][HikariPool.java:421] - HikariPool-1 - Pool stats (total=10, active=0, idle=10, waiting=0)
2023-10-06 21:57:18,252 DEBUG [HikariPool-1 housekeeper][HikariPool.java:421] - HikariPool-1 - Pool stats (total=10, active=0, idle=10, waiting=0)
2023-10-06 21:57:18,252 DEBUG [HikariPool-1 housekeeper][HikariPool.java:517] - HikariPool-1 - Fill pool skipped, pool is at sufficient level.
2023-10-06 21:57:18,252 DEBUG [HikariPool-1 housekeeper][HikariPool.java:517] - HikariPool-1 - Fill pool skipped, pool is at sufficient level.
2023-10-06 21:57:48,253 DEBUG [HikariPool-1 housekeeper][HikariPool.java:421] - HikariPool-1 - Pool stats (total=10, active=0, idle=10, waiting=0)
2023-10-06 21:57:48,253 DEBUG [HikariPool-1 housekeeper][HikariPool.java:421] - HikariPool-1 - Pool stats (total=10, active=0, idle=10, waiting=0)
2023-10-06 21:57:48,253 DEBUG [HikariPool-1 housekeeper][HikariPool.java:517] - HikariPool-1 - Fill pool skipped, pool is at sufficient level.
2023-10-06 21:57:48,253 DEBUG [HikariPool-1 housekeeper][HikariPool.java:517] - HikariPool-1 - Fill pool skipped, pool is at sufficient level.
2023-10-06 21:58:18,255 DEBUG [HikariPool-1 housekeeper][HikariPool.java:421] - HikariPool-1 - Pool stats (total=10, active=0, idle=10, waiting=0)
2023-10-06 21:58:18,255 DEBUG [HikariPool-1 housekeeper][HikariPool.java:421] - HikariPool-1 - Pool stats (total=10, active=0, idle=10, waiting=0)
2023-10-06 21:58:18,255 DEBUG [HikariPool-1 housekeeper][HikariPool.java:517] - HikariPool-1 - Fill pool skipped, pool is at sufficient level.
2023-10-06 21:58:18,255 DEBUG [HikariPool-1 housekeeper][HikariPool.java:517] - HikariPool-1 - Fill pool skipped, pool is at sufficient level.
2023-10-06 21:58:48,312 DEBUG [HikariPool-1 housekeeper][HikariPool.java:421] - HikariPool-1 - Pool stats (total=10, active=0, idle=10, waiting=0)
2023-10-06 21:58:48,312 DEBUG [HikariPool-1 housekeeper][HikariPool.java:517] - HikariPool-1 - Fill pool skipped, pool is at sufficient level.
2023-10-06 21:58:48,312 DEBUG [HikariPool-1 housekeeper][HikariPool.java:421] - HikariPool-1 - Pool stats (total=10, active=0, idle=10, waiting=0)
2023-10-06 21:58:48,312 DEBUG [HikariPool-1 housekeeper][HikariPool.java:517] - HikariPool-1 - Fill pool skipped, pool is at sufficient level.
2023-10-06 21:59:18,314 DEBUG [HikariPool-1 housekeeper][HikariPool.java:421] - HikariPool-1 - Pool stats (total=10, active=0, idle=10, waiting=0)
2023-10-06 21:59:18,314 DEBUG [HikariPool-1 housekeeper][HikariPool.java:421] - HikariPool-1 - Pool stats (total=10, active=0, idle=10, waiting=0)
2023-10-06 21:59:18,314 DEBUG [HikariPool-1 housekeeper][HikariPool.java:517] - HikariPool-1 - Fill pool skipped, pool is at sufficient level.
2023-10-06 21:59:18,314 DEBUG [HikariPool-1 housekeeper][HikariPool.java:517] - HikariPool-1 - Fill pool skipped, pool is at sufficient level.
2023-10-06 21:59:48,315 DEBUG [HikariPool-1 housekeeper][HikariPool.java:421] - HikariPool-1 - Pool stats (total=10, active=0, idle=10, waiting=0)
2023-10-06 21:59:48,315 DEBUG [HikariPool-1 housekeeper][HikariPool.java:421] - HikariPool-1 - Pool stats (total=10, active=0, idle=10, waiting=0)
2023-10-06 21:59:48,315 DEBUG [HikariPool-1 housekeeper][HikariPool.java:517] - HikariPool-1 - Fill pool skipped, pool is at sufficient level.
2023-10-06 21:59:48,315 DEBUG [HikariPool-1 housekeeper][HikariPool.java:517] - HikariPool-1 - Fill pool skipped, pool is at sufficient level.
